#
# A fatal error has been detected by the Java Runtime Environment:
#
#  SIGSEGV (0xb) at pc=0x000000012057ad6c, pid=15485, tid=0x0000000000001703
#
# JRE version: Java(TM) SE Runtime Environment (8.0_121-b13) (build 1.8.0_121-b13)
# Java VM: Java HotSpot(TM) 64-Bit Server VM (25.121-b13 mixed mode bsd-amd64 compressed oops)
# Problematic frame:
# C  [libopencv_core.3.4.dylib+0xcd6c]  cv::inRange(cv::_InputArray const&, cv::_InputArray const&, cv::_InputArray const&, cv::_OutputArray const&)+0x203c
#
# Failed to write core dump. Core dumps have been disabled. To enable core dumping, try "ulimit -c unlimited" before starting Java again
#
# If you would like to submit a bug report, please visit:
#   http://bugreport.java.com/bugreport/crash.jsp
# The crash happened outside the Java Virtual Machine in native code.
# See problematic frame for where to report the bug.
#

---------------  T H R E A D  ---------------

Current thread (0x00007fcbdc00a800):  JavaThread "main" [_thread_in_native, id=5891, stack(0x000070000011a000,0x000070000021a000)]

siginfo: si_signo: 11 (SIGSEGV), si_code: 1 (SEGV_MAPERR), si_addr: 0x0000000000000000

Registers:
RAX=0x0000000000000000, RBX=0x00007fcbdc00a9f8, RCX=0x0000000000000339, RDX=0x0000700000217e90
RSP=0x0000700000217b00, RBP=0x0000700000218dc0, RSI=0x00007fcbdb5c3e68, RDI=0x0000700000218e28
R8 =0x0000700000218f18, R9 =0x000000076d867b40, R10=0x0000000120885501, R11=0x0000000120578d30
R12=0x0000000000010000, R13=0x0000700000218e40, R14=0x0000000000010000, R15=0x0000000000010000
RIP=0x000000012057ad6c, EFLAGS=0x0000000000010286, ERR=0x0000000000000004
  TRAPNO=0x000000000000000e

Top of Stack: (sp=0x0000700000217b00)
0x0000700000217b00:   0000700000218500 0000700000218540
0x0000700000217b10:   0000700000218640 0000000000000003
0x0000700000217b20:   0000700000218500 0000700000217d30
0x0000700000217b30:   00007fff65cec078 0000000000000000
0x0000700000217b40:   0000700000217b90 00007fff65caf38f
0x0000700000217b50:   0000700000218500 0000700000218540
0x0000700000217b60:   0000700000218640 0000000000000008
0x0000700000217b70:   0000700000218500 0000700000217d30
0x0000700000217b80:   00007fff65cebf08 0000000000000002
0x0000700000217b90:   0000700000217be0 00007fff65caf38f
0x0000700000217ba0:   0000700000218500 0000700000218540
0x0000700000217bb0:   0000700000218df8 0000700000218e10
0x0000700000217bc0:   0000700000218e28 0000700000217d30
0x0000700000217bd0:   00007fff65ce4860 0000000000000005
0x0000700000217be0:   0000700000217c30 00007fff65caf38f
0x0000700000217bf0:   0000700000218500 0000700000218540
0x0000700000217c00:   0000700000218640 000000000000000a
0x0000700000217c10:   0000700000218500 0000700000217d30
0x0000700000217c20:   00007fff65ced1a0 0000000000000000
0x0000700000217c30:   0000700000217c80 00007fff65caf38f
0x0000700000217c40:   00007fcbde1050e0 0000700000218640
0x0000700000217c50:   0000700000217c90 00007fff65cb90e2
0x0000700000217c60:   00007fff65cd9e48 00007fcbde1050e0
0x0000700000217c70:   0000700000218500 00007fcbde1050e0
0x0000700000217c80:   0000700000218640 0000700000218540
0x0000700000217c90:   0000700000217cd0 00007fff65cb3577
0x0000700000217ca0:   0000000065cd9e48 00007fcbde1050e0
0x0000700000217cb0:   0000700000218500 0000700000217d30
0x0000700000217cc0:   00007fcbde1050e0 0000700000218540
0x0000700000217cd0:   0000700000217d20 00007fff65caf2ea
0x0000700000217ce0:   0000700000218500 0000700000218540
0x0000700000217cf0:   0000700000218640 00007fcbde1050e0 

Instructions: (pc=0x000000012057ad6c)
0x000000012057ad4c:   ff 00 00 00 00 48 c7 85 70 f0 ff ff 00 00 00 00
0x000000012057ad5c:   74 04 f0 ff 40 14 83 7e 04 02 7f 35 48 8b 46 48
0x000000012057ad6c:   48 8b 08 48 8b 95 68 f0 ff ff 48 89 0a 48 8b 40
0x000000012057ad7c:   08 48 89 42 08 eb 30 48 8d bd 20 f0 ff ff ba ff 

Register to memory mapping:

RAX=0x0000000000000000 is an unknown value
RBX=0x00007fcbdc00a9f8 is an unknown value
RCX=0x0000000000000339 is an unknown value
RDX=0x0000700000217e90 is pointing into the stack for thread: 0x00007fcbdc00a800
RSP=0x0000700000217b00 is pointing into the stack for thread: 0x00007fcbdc00a800
RBP=0x0000700000218dc0 is pointing into the stack for thread: 0x00007fcbdc00a800
RSI=0x00007fcbdb5c3e68 is an unknown value
RDI=0x0000700000218e28 is pointing into the stack for thread: 0x00007fcbdc00a800
R8 =0x0000700000218f18 is pointing into the stack for thread: 0x00007fcbdc00a800
R9 =0x000000076d867b40 is an oop
org.bytedeco.javacpp.opencv_core$Mat 
 - klass: 'org/bytedeco/javacpp/opencv_core$Mat'
R10=0x0000000120885501: __itt_get_env_var.env_buff+0x5921 in /Users/christian.gao/.javacpp/cache/opencv-3.4.0-1.4-macosx-x86_64.jar/org/bytedeco/javacpp/macosx-x86_64/libopencv_core.3.4.dylib at 0x000000012056e000
R11=0x0000000120578d30: _ZN2cv7inRangeERKNS_11_InputArrayES2_S2_RKNS_12_OutputArrayE+0 in /Users/christian.gao/.javacpp/cache/opencv-3.4.0-1.4-macosx-x86_64.jar/org/bytedeco/javacpp/macosx-x86_64/libopencv_core.3.4.dylib at 0x000000012056e000
R12=0x0000000000010000 is an unknown value
R13=0x0000700000218e40 is pointing into the stack for thread: 0x00007fcbdc00a800
R14=0x0000000000010000 is an unknown value
R15=0x0000000000010000 is an unknown value


Stack: [0x000070000011a000,0x000070000021a000],  sp=0x0000700000217b00,  free space=1014k
Native frames: (J=compiled Java code, j=interpreted, Vv=VM code, C=native code)
C  [libopencv_core.3.4.dylib+0xcd6c]  cv::inRange(cv::_InputArray const&, cv::_InputArray const&, cv::_InputArray const&, cv::_OutputArray const&)+0x203c
C  [libjniopencv_core.dylib+0x103bbd]  Java_org_bytedeco_javacpp_opencv_1core_inRange__Lorg_bytedeco_javacpp_opencv_1core_00024Mat_2Lorg_bytedeco_javacpp_opencv_1core_00024Mat_2Lorg_bytedeco_javacpp_opencv_1core_00024Mat_2Lorg_bytedeco_javacpp_opencv_1core_00024Mat_2+0x20d
j  org.bytedeco.javacpp.opencv_core.inRange(Lorg/bytedeco/javacpp/opencv_core$Mat;Lorg/bytedeco/javacpp/opencv_core$Mat;Lorg/bytedeco/javacpp/opencv_core$Mat;Lorg/bytedeco/javacpp/opencv_core$Mat;)V+0
j  com.kareo.ocr.scanner.OcrRunner.run_filters(Lorg/bytedeco/javacpp/opencv_core$Mat;)Lorg/bytedeco/javacpp/opencv_core$Mat;+50
j  com.kareo.ocr.scanner.OcrRunner.main([Ljava/lang/String;)V+13
v  ~StubRoutines::call_stub
V  [libjvm.dylib+0x2ed9d6]  JavaCalls::call_helper(JavaValue*, methodHandle*, JavaCallArguments*, Thread*)+0x6ae
V  [libjvm.dylib+0x4d26c4]  Reflection::invoke(instanceKlassHandle, methodHandle, Handle, bool, objArrayHandle, BasicType, objArrayHandle, bool, Thread*)+0xe12
V  [libjvm.dylib+0x4d2bf8]  Reflection::invoke_method(oopDesc*, Handle, objArrayHandle, Thread*)+0x16c
V  [libjvm.dylib+0x345db8]  JVM_InvokeMethod+0x166
j  sun.reflect.NativeMethodAccessorImpl.invoke0(Ljava/lang/reflect/Method;Ljava/lang/Object;[Ljava/lang/Object;)Ljava/lang/Object;+0
j  sun.reflect.NativeMethodAccessorImpl.invoke(Ljava/lang/Object;[Ljava/lang/Object;)Ljava/lang/Object;+100
j  sun.reflect.DelegatingMethodAccessorImpl.invoke(Ljava/lang/Object;[Ljava/lang/Object;)Ljava/lang/Object;+6
j  java.lang.reflect.Method.invoke(Ljava/lang/Object;[Ljava/lang/Object;)Ljava/lang/Object;+56
j  com.intellij.rt.execution.application.AppMain.main([Ljava/lang/String;)V+180
v  ~StubRoutines::call_stub
V  [libjvm.dylib+0x2ed9d6]  JavaCalls::call_helper(JavaValue*, methodHandle*, JavaCallArguments*, Thread*)+0x6ae
V  [libjvm.dylib+0x3247ce]  jni_invoke_static(JNIEnv_*, JavaValue*, _jobject*, JNICallType, _jmethodID*, JNI_ArgumentPusher*, Thread*)+0x1bf
V  [libjvm.dylib+0x31d545]  jni_CallStaticVoidMethod+0x15d
C  [java+0x3931]  JavaMain+0x9c4
C  [libsystem_pthread.dylib+0x399d]  _pthread_body+0x83
C  [libsystem_pthread.dylib+0x391a]  _pthread_body+0x0
C  [libsystem_pthread.dylib+0x1351]  thread_start+0xd
C  0x0000000000000000

Java frames: (J=compiled Java code, j=interpreted, Vv=VM code)
j  org.bytedeco.javacpp.opencv_core.inRange(Lorg/bytedeco/javacpp/opencv_core$Mat;Lorg/bytedeco/javacpp/opencv_core$Mat;Lorg/bytedeco/javacpp/opencv_core$Mat;Lorg/bytedeco/javacpp/opencv_core$Mat;)V+0
j  com.kareo.ocr.scanner.OcrRunner.run_filters(Lorg/bytedeco/javacpp/opencv_core$Mat;)Lorg/bytedeco/javacpp/opencv_core$Mat;+50
j  com.kareo.ocr.scanner.OcrRunner.main([Ljava/lang/String;)V+13
v  ~StubRoutines::call_stub
j  sun.reflect.NativeMethodAccessorImpl.invoke0(Ljava/lang/reflect/Method;Ljava/lang/Object;[Ljava/lang/Object;)Ljava/lang/Object;+0
j  sun.reflect.NativeMethodAccessorImpl.invoke(Ljava/lang/Object;[Ljava/lang/Object;)Ljava/lang/Object;+100
j  sun.reflect.DelegatingMethodAccessorImpl.invoke(Ljava/lang/Object;[Ljava/lang/Object;)Ljava/lang/Object;+6
j  java.lang.reflect.Method.invoke(Ljava/lang/Object;[Ljava/lang/Object;)Ljava/lang/Object;+56
j  com.intellij.rt.execution.application.AppMain.main([Ljava/lang/String;)V+180
v  ~StubRoutines::call_stub

---------------  P R O C E S S  ---------------

Java Threads: ( => current thread )
  0x00007fcbdc25c800 JavaThread "AWT-EventQueue-0" [_thread_blocked, id=58883, stack(0x0000700001dfd000,0x0000700001efd000)]
  0x00007fcbdba38000 JavaThread "Java2D Disposer" daemon [_thread_blocked, id=58371, stack(0x0000700001cfa000,0x0000700001dfa000)]
  0x00007fcbdd30a800 JavaThread "Java2D Queue Flusher" daemon [_thread_blocked, id=54279, stack(0x0000700001bf7000,0x0000700001cf7000)]
  0x00007fcbdf061000 JavaThread "AWT-Shutdown" [_thread_blocked, id=32531, stack(0x0000700001865000,0x0000700001965000)]
  0x00007fcbdc162800 JavaThread "AppKit Thread" daemon [_thread_in_native, id=2571, stack(0x00007fff5ddfa000,0x00007fff5e5fa000)]
  0x00007fcbdb918800 JavaThread "JavaCPP Deallocator" daemon [_thread_blocked, id=22787, stack(0x000070000165c000,0x000070000175c000)]
  0x00007fcbde853000 JavaThread "Monitor Ctrl-Break" daemon [_thread_in_native, id=22275, stack(0x0000700001559000,0x0000700001659000)]
  0x00007fcbdb85e000 JavaThread "Service Thread" daemon [_thread_blocked, id=21251, stack(0x0000700001353000,0x0000700001453000)]
  0x00007fcbdf808000 JavaThread "C1 CompilerThread3" daemon [_thread_blocked, id=20739, stack(0x0000700001250000,0x0000700001350000)]
  0x00007fcbdc033000 JavaThread "C2 CompilerThread2" daemon [_thread_blocked, id=20227, stack(0x000070000114d000,0x000070000124d000)]
  0x00007fcbdd01a800 JavaThread "C2 CompilerThread1" daemon [_thread_blocked, id=19715, stack(0x000070000104a000,0x000070000114a000)]
  0x00007fcbdd019800 JavaThread "C2 CompilerThread0" daemon [_thread_blocked, id=19203, stack(0x0000700000f47000,0x0000700001047000)]
  0x00007fcbdb80e000 JavaThread "Signal Dispatcher" daemon [_thread_blocked, id=14863, stack(0x0000700000e44000,0x0000700000f44000)]
  0x00007fcbdd802000 JavaThread "Finalizer" daemon [_thread_blocked, id=14339, stack(0x0000700000c3b000,0x0000700000d3b000)]
  0x00007fcbdb814800 JavaThread "Reference Handler" daemon [_thread_blocked, id=13827, stack(0x0000700000b38000,0x0000700000c38000)]
=>0x00007fcbdc00a800 JavaThread "main" [_thread_in_native, id=5891, stack(0x000070000011a000,0x000070000021a000)]

Other Threads:
  0x00007fcbdc828000 VMThread [stack: 0x0000700000a35000,0x0000700000b35000] [id=13315]
  0x00007fcbdc040800 WatcherThread [stack: 0x0000700001456000,0x0000700001556000] [id=21763]

VM state:not at safepoint (normal execution)

VM Mutex/Monitor currently owned by a thread: None

Heap:
 PSYoungGen      total 76288K, used 54097K [0x000000076ab00000, 0x0000000770000000, 0x00000007c0000000)
  eden space 65536K, 82% used [0x000000076ab00000,0x000000076dfd4628,0x000000076eb00000)
  from space 10752K, 0% used [0x000000076f580000,0x000000076f580000,0x0000000770000000)
  to   space 10752K, 0% used [0x000000076eb00000,0x000000076eb00000,0x000000076f580000)
 ParOldGen       total 175104K, used 0K [0x00000006c0000000, 0x00000006cab00000, 0x000000076ab00000)
  object space 175104K, 0% used [0x00000006c0000000,0x00000006c0000000,0x00000006cab00000)
 Metaspace       used 12268K, capacity 12508K, committed 12800K, reserved 1060864K
  class space    used 1408K, capacity 1509K, committed 1536K, reserved 1048576K

Card table byte_map: [0x0000000112d62000,0x0000000113563000] byte_map_base: 0x000000010f762000

Marking Bits: (ParMarkBitMap*) 0x00000001032f0d30
 Begin Bits: [0x0000000113ab9000, 0x0000000117ab9000)
 End Bits:   [0x0000000117ab9000, 0x000000011bab9000)

Polling page: 0x00000001018c9000

CodeCache: size=245760Kb used=3052Kb max_used=3052Kb free=242707Kb
 bounds [0x00000001039a2000, 0x0000000103ca2000, 0x00000001129a2000]
 total_blobs=1302 nmethods=733 adapters=483
 compilation: enabled

Compilation events (10 events):
Event: 1.064 Thread 0x00007fcbdf808000  729       3       sun.java2d.loops.GraphicsPrimitiveMgr::locate (104 bytes)
Event: 1.065 Thread 0x00007fcbdf808000 nmethod 729 0x0000000103c9c410 code [0x0000000103c9c620, 0x0000000103c9d058]
Event: 1.065 Thread 0x00007fcbdf808000  730       3       java.util.Arrays::binarySearch (10 bytes)
Event: 1.066 Thread 0x00007fcbdf808000 nmethod 730 0x0000000103c9ac10 code [0x0000000103c9ad80, 0x0000000103c9aee8]
Event: 1.110 Thread 0x00007fcbdf808000  731       3       java.lang.StrictMath::floorOrCeil (128 bytes)
Event: 1.111 Thread 0x00007fcbdf808000 nmethod 731 0x0000000103c9d390 code [0x0000000103c9d520, 0x0000000103c9d9b0]
Event: 1.111 Thread 0x00007fcbdf808000  732       3       java.lang.Math::getExponent (17 bytes)
Event: 1.112 Thread 0x00007fcbdf808000 nmethod 732 0x0000000103c9da90 code [0x0000000103c9dbe0, 0x0000000103c9dd50]
Event: 1.112 Thread 0x00007fcbdf808000  733       3       sun.java2d.pipe.RenderBuffer::putInt (26 bytes)
Event: 1.112 Thread 0x00007fcbdf808000 nmethod 733 0x0000000103c9ddd0 code [0x0000000103c9df40, 0x0000000103c9e0b0]

GC Heap History (0 events):
No events

Deoptimization events (8 events):
Event: 0.139 Thread 0x00007fcbdc00a800 Uncommon trap: reason=unstable_if action=reinterpret pc=0x0000000103ac3838 method=java.lang.String.indexOf(II)I @ 49
Event: 0.206 Thread 0x00007fcbdc00a800 Uncommon trap: reason=unstable_if action=reinterpret pc=0x0000000103aadc98 method=java.lang.String.hashCode()I @ 14
Event: 0.502 Thread 0x00007fcbdc00a800 Uncommon trap: reason=unstable_if action=reinterpret pc=0x0000000103bc25a4 method=java.lang.String.lastIndexOf([CII[CIII)I @ 66
Event: 0.513 Thread 0x00007fcbdc00a800 Uncommon trap: reason=unstable_if action=reinterpret pc=0x0000000103c029cc method=java.lang.CharacterDataLatin1.toUpperCase(I)I @ 12
Event: 0.784 Thread 0x00007fcbdc00a800 Uncommon trap: reason=unstable_if action=reinterpret pc=0x0000000103ba419c method=sun.misc.MetaIndex.mayContain(Ljava/lang/String;)Z @ 38
Event: 0.786 Thread 0x00007fcbdc00a800 Uncommon trap: reason=unstable_if action=reinterpret pc=0x0000000103b66648 method=java.lang.AbstractStringBuilder.append(Ljava/lang/String;)Ljava/lang/AbstractStringBuilder; @ 1
Event: 0.787 Thread 0x00007fcbdc00a800 Uncommon trap: reason=unstable_if action=reinterpret pc=0x0000000103b5cc94 method=java.lang.AbstractStringBuilder.append(Ljava/lang/String;)Ljava/lang/AbstractStringBuilder; @ 1
Event: 0.790 Thread 0x00007fcbdc00a800 Uncommon trap: reason=unstable_if action=reinterpret pc=0x0000000103bc1464 method=java.util.HashMap.hash(Ljava/lang/Object;)I @ 1

Internal exceptions (10 events):
Event: 0.229 Thread 0x00007fcbdc00a800 Exception <a 'java/security/PrivilegedActionException'> (0x000000076b21bf20) thrown at [/Users/java_re/workspace/8-2-build-macosx-x86_64/jdk8u121/8372/hotspot/src/share/vm/prims/jvm.cpp, line 1390]
Event: 0.229 Thread 0x00007fcbdc00a800 Exception <a 'java/security/PrivilegedActionException'> (0x000000076b21f250) thrown at [/Users/java_re/workspace/8-2-build-macosx-x86_64/jdk8u121/8372/hotspot/src/share/vm/prims/jvm.cpp, line 1390]
Event: 0.229 Thread 0x00007fcbdc00a800 Exception <a 'java/security/PrivilegedActionException'> (0x000000076b21f460) thrown at [/Users/java_re/workspace/8-2-build-macosx-x86_64/jdk8u121/8372/hotspot/src/share/vm/prims/jvm.cpp, line 1390]
Event: 0.538 Thread 0x00007fcbdc00a800 Exception <a 'java/lang/NoSuchFieldError': method resolution failed> (0x000000076d956f20) thrown at [/Users/java_re/workspace/8-2-build-macosx-x86_64/jdk8u121/8372/hotspot/src/share/vm/prims/methodHandles.cpp, line 1146]
Event: 0.540 Thread 0x00007fcbdc00a800 Exception <a 'java/lang/NoSuchFieldError': method resolution failed> (0x000000076d964610) thrown at [/Users/java_re/workspace/8-2-build-macosx-x86_64/jdk8u121/8372/hotspot/src/share/vm/prims/methodHandles.cpp, line 1146]
Event: 0.689 Thread 0x00007fcbdc00a800 Exception <a 'java/io/FileNotFoundException'> (0x000000076d9debe8) thrown at [/Users/java_re/workspace/8-2-build-macosx-x86_64/jdk8u121/8372/hotspot/src/share/vm/prims/jni.cpp, line 709]
Event: 0.689 Thread 0x00007fcbdc00a800 Exception <a 'java/io/FileNotFoundException'> (0x000000076d9df790) thrown at [/Users/java_re/workspace/8-2-build-macosx-x86_64/jdk8u121/8372/hotspot/src/share/vm/prims/jni.cpp, line 709]
Event: 0.786 Thread 0x00007fcbdc00a800 Implicit null exception at 0x0000000103b66275 to 0x0000000103b66635
Event: 0.787 Thread 0x00007fcbdc00a800 Implicit null exception at 0x0000000103b5c8b6 to 0x0000000103b5cc7d
Event: 0.790 Thread 0x00007fcbdc00a800 Implicit null exception at 0x0000000103bc1235 to 0x0000000103bc1455

Events (10 events):
Event: 1.059 loading class sun/awt/image/BufImgSurfaceManager
Event: 1.059 loading class sun/awt/image/BufImgSurfaceManager done
Event: 1.059 loading class sun/awt/image/BufImgSurfaceData
Event: 1.060 loading class sun/awt/image/BufImgSurfaceData done
Event: 1.060 loading class sun/java2d/opengl/OGLSurfaceDataProxy
Event: 1.060 loading class sun/java2d/opengl/OGLSurfaceDataProxy done
Event: 1.060 loading class sun/awt/image/BufImgSurfaceData$ICMColorData
Event: 1.060 loading class sun/awt/image/BufImgSurfaceData$ICMColorData done
Event: 1.062 loading class sun/java2d/loops/RenderLoops
Event: 1.062 loading class sun/java2d/loops/RenderLoops done


Dynamic libraries:
0x0000000009e47000 	/System/Library/Frameworks/Cocoa.framework/Versions/A/Cocoa
0x0000000009e47000 	/System/Library/Frameworks/Security.framework/Versions/A/Security
0x0000000009e47000 	/System/Library/Frameworks/ApplicationServices.framework/Versions/A/ApplicationServices
0x0000000009e47000 	/usr/lib/libz.1.dylib
0x0000000009e47000 	/usr/lib/libSystem.B.dylib
0x0000000009e47000 	/usr/lib/libobjc.A.dylib
0x0000000009e47000 	/System/Library/Frameworks/CoreFoundation.framework/Versions/A/CoreFoundation
0x0000000009e47000 	/System/Library/Frameworks/Foundation.framework/Versions/C/Foundation
0x0000000009e47000 	/System/Library/Frameworks/AppKit.framework/Versions/C/AppKit
0x0000000009e47000 	/System/Library/Frameworks/CoreData.framework/Versions/A/CoreData
0x0000000009e47000 	/System/Library/PrivateFrameworks/RemoteViewServices.framework/Versions/A/RemoteViewServices
0x0000000009e47000 	/System/Library/PrivateFrameworks/UIFoundation.framework/Versions/A/UIFoundation
0x0000000009e47000 	/usr/lib/libScreenReader.dylib
0x0000000009e47000 	/System/Library/Frameworks/Accelerate.framework/Versions/A/Accelerate
0x0000000009e47000 	/System/Library/Frameworks/IOSurface.framework/Versions/A/IOSurface
0x0000000009e47000 	/System/Library/Frameworks/AudioToolbox.framework/Versions/A/AudioToolbox
0x0000000009e47000 	/System/Library/Frameworks/AudioUnit.framework/Versions/A/AudioUnit
0x0000000009e47000 	/System/Library/PrivateFrameworks/DataDetectorsCore.framework/Versions/A/DataDetectorsCore
0x0000000009e47000 	/System/Library/PrivateFrameworks/DesktopServicesPriv.framework/Versions/A/DesktopServicesPriv
0x0000000009e47000 	/System/Library/Frameworks/Carbon.framework/Versions/A/Frameworks/HIToolbox.framework/Versions/A/HIToolbox
0x0000000009e47000 	/System/Library/Frameworks/QuartzCore.framework/Versions/A/QuartzCore
0x0000000009e47000 	/System/Library/Frameworks/Carbon.framework/Versions/A/Frameworks/SpeechRecognition.framework/Versions/A/SpeechRecognition
0x0000000009e47000 	/usr/lib/libauto.dylib
0x0000000009e47000 	/usr/lib/libicucore.A.dylib
0x0000000009e47000 	/usr/lib/libxml2.2.dylib
0x0000000009e47000 	/System/Library/PrivateFrameworks/CoreUI.framework/Versions/A/CoreUI
0x0000000009e47000 	/System/Library/Frameworks/CoreAudio.framework/Versions/A/CoreAudio
0x0000000009e47000 	/System/Library/Frameworks/DiskArbitration.framework/Versions/A/DiskArbitration
0x0000000009e47000 	/usr/lib/liblangid.dylib
0x0000000009e47000 	/System/Library/PrivateFrameworks/MultitouchSupport.framework/Versions/A/MultitouchSupport
0x0000000009e47000 	/System/Library/Frameworks/IOKit.framework/Versions/A/IOKit
0x0000000009e47000 	/usr/lib/libDiagnosticMessagesClient.dylib
0x0000000009e47000 	/System/Library/Frameworks/CoreServices.framework/Versions/A/CoreServices
0x0000000009e47000 	/System/Library/PrivateFrameworks/PerformanceAnalysis.framework/Versions/A/PerformanceAnalysis
0x0000000009e47000 	/System/Library/PrivateFrameworks/GenerationalStorage.framework/Versions/A/GenerationalStorage
0x0000000009e47000 	/System/Library/Frameworks/OpenGL.framework/Versions/A/OpenGL
0x0000000009e47000 	/System/Library/PrivateFrameworks/Sharing.framework/Versions/A/Sharing
0x0000000009e47000 	/System/Library/Frameworks/CoreGraphics.framework/Versions/A/CoreGraphics
0x0000000009e47000 	/System/Library/Frameworks/CoreImage.framework/Versions/A/CoreImage
0x0000000009e47000 	/System/Library/Frameworks/CoreText.framework/Versions/A/CoreText
0x0000000009e47000 	/System/Library/Frameworks/ImageIO.framework/Versions/A/ImageIO
0x0000000009e47000 	/System/Library/PrivateFrameworks/Backup.framework/Versions/A/Backup
0x0000000009e47000 	/usr/lib/libextension.dylib
0x0000000009e47000 	/usr/lib/libarchive.2.dylib
0x0000000009e47000 	/System/Library/Frameworks/CFNetwork.framework/Versions/A/CFNetwork
0x0000000009e47000 	/System/Library/Frameworks/SystemConfiguration.framework/Versions/A/SystemConfiguration
0x0000000009e47000 	/usr/lib/libCRFSuite.dylib
0x0000000009e47000 	/usr/lib/libc++.1.dylib
0x0000000009e47000 	/usr/lib/libc++abi.dylib
0x0000000009e47000 	/usr/lib/system/libcache.dylib
0x0000000009e47000 	/usr/lib/system/libcommonCrypto.dylib
0x0000000009e47000 	/usr/lib/system/libcompiler_rt.dylib
0x0000000009e47000 	/usr/lib/system/libcopyfile.dylib
0x0000000009e47000 	/usr/lib/system/libcorecrypto.dylib
0x0000000009e47000 	/usr/lib/system/libdispatch.dylib
0x0000000009e47000 	/usr/lib/system/libdyld.dylib
0x0000000009e47000 	/usr/lib/system/libkeymgr.dylib
0x0000000009e47000 	/usr/lib/system/liblaunch.dylib
0x0000000009e47000 	/usr/lib/system/libmacho.dylib
0x0000000009e47000 	/usr/lib/system/libquarantine.dylib
0x0000000009e47000 	/usr/lib/system/libremovefile.dylib
0x0000000009e47000 	/usr/lib/system/libsystem_asl.dylib
0x0000000009e47000 	/usr/lib/system/libsystem_blocks.dylib
0x0000000009e47000 	/usr/lib/system/libsystem_c.dylib
0x0000000009e47000 	/usr/lib/system/libsystem_configuration.dylib
0x0000000009e47000 	/usr/lib/system/libsystem_coreservices.dylib
0x0000000009e47000 	/usr/lib/system/libsystem_coretls.dylib
0x0000000009e47000 	/usr/lib/system/libsystem_dnssd.dylib
0x0000000009e47000 	/usr/lib/system/libsystem_info.dylib
0x0000000009e47000 	/usr/lib/system/libsystem_kernel.dylib
0x0000000009e47000 	/usr/lib/system/libsystem_m.dylib
0x0000000009e47000 	/usr/lib/system/libsystem_malloc.dylib
0x0000000009e47000 	/usr/lib/system/libsystem_network.dylib
0x0000000009e47000 	/usr/lib/system/libsystem_networkextension.dylib
0x0000000009e47000 	/usr/lib/system/libsystem_notify.dylib
0x0000000009e47000 	/usr/lib/system/libsystem_platform.dylib
0x0000000009e47000 	/usr/lib/system/libsystem_pthread.dylib
0x0000000009e47000 	/usr/lib/system/libsystem_sandbox.dylib
0x0000000009e47000 	/usr/lib/system/libsystem_secinit.dylib
0x0000000009e47000 	/usr/lib/system/libsystem_trace.dylib
0x0000000009e47000 	/usr/lib/system/libunc.dylib
0x0000000009e47000 	/usr/lib/system/libunwind.dylib
0x0000000009e47000 	/usr/lib/system/libxpc.dylib
0x0000000009e47000 	/usr/lib/libenergytrace.dylib
0x0000000009e47000 	/usr/lib/libbsm.0.dylib
0x0000000009e47000 	/usr/lib/system/libkxld.dylib
0x0000000009e47000 	/usr/lib/libxar.1.dylib
0x0000000009e47000 	/usr/lib/libsqlite3.dylib
0x0000000009e47000 	/usr/lib/libpam.2.dylib
0x0000000009e47000 	/usr/lib/libOpenScriptingUtil.dylib
0x0000000009e47000 	/usr/lib/libbz2.1.0.dylib
0x0000000009e47000 	/usr/lib/liblzma.5.dylib
0x0000000009e47000 	/System/Library/Frameworks/CoreServices.framework/Versions/A/Frameworks/FSEvents.framework/Versions/A/FSEvents
0x0000000009e47000 	/System/Library/Frameworks/CoreServices.framework/Versions/A/Frameworks/CarbonCore.framework/Versions/A/CarbonCore
0x0000000009e47000 	/System/Library/Frameworks/CoreServices.framework/Versions/A/Frameworks/Metadata.framework/Versions/A/Metadata
0x0000000009e47000 	/System/Library/Frameworks/CoreServices.framework/Versions/A/Frameworks/OSServices.framework/Versions/A/OSServices
0x0000000009e47000 	/System/Library/Frameworks/CoreServices.framework/Versions/A/Frameworks/SearchKit.framework/Versions/A/SearchKit
0x0000000009e47000 	/System/Library/Frameworks/CoreServices.framework/Versions/A/Frameworks/AE.framework/Versions/A/AE
0x0000000009e47000 	/System/Library/Frameworks/CoreServices.framework/Versions/A/Frameworks/LaunchServices.framework/Versions/A/LaunchServices
0x0000000009e47000 	/System/Library/Frameworks/CoreServices.framework/Versions/A/Frameworks/DictionaryServices.framework/Versions/A/DictionaryServices
0x0000000009e47000 	/System/Library/Frameworks/CoreServices.framework/Versions/A/Frameworks/SharedFileList.framework/Versions/A/SharedFileList
0x0000000009e47000 	/System/Library/Frameworks/NetFS.framework/Versions/A/NetFS
0x0000000009e47000 	/System/Library/PrivateFrameworks/NetAuth.framework/Versions/A/NetAuth
0x0000000009e47000 	/System/Library/PrivateFrameworks/login.framework/Versions/A/Frameworks/loginsupport.framework/Versions/A/loginsupport
0x0000000009e47000 	/System/Library/PrivateFrameworks/TCC.framework/Versions/A/TCC
0x0000000009e47000 	/usr/lib/libmecabra.dylib
0x0000000009e47000 	/System/Library/Frameworks/ApplicationServices.framework/Versions/A/Frameworks/ATS.framework/Versions/A/ATS
0x0000000009e47000 	/System/Library/Frameworks/ApplicationServices.framework/Versions/A/Frameworks/ColorSync.framework/Versions/A/ColorSync
0x0000000009e47000 	/System/Library/Frameworks/ApplicationServices.framework/Versions/A/Frameworks/HIServices.framework/Versions/A/HIServices
0x0000000009e47000 	/System/Library/Frameworks/ApplicationServices.framework/Versions/A/Frameworks/LangAnalysis.framework/Versions/A/LangAnalysis
0x0000000009e47000 	/System/Library/Frameworks/ApplicationServices.framework/Versions/A/Frameworks/PrintCore.framework/Versions/A/PrintCore
0x0000000009e47000 	/System/Library/Frameworks/ApplicationServices.framework/Versions/A/Frameworks/QD.framework/Versions/A/QD
0x0000000009e47000 	/System/Library/Frameworks/ApplicationServices.framework/Versions/A/Frameworks/SpeechSynthesis.framework/Versions/A/SpeechSynthesis
0x0000000009e47000 	/System/Library/Frameworks/Metal.framework/Versions/A/Metal
0x0000000009e47000 	/System/Library/Frameworks/Accelerate.framework/Versions/A/Frameworks/vImage.framework/Versions/A/vImage
0x0000000009e47000 	/System/Library/Frameworks/Accelerate.framework/Versions/A/Frameworks/vecLib.framework/Versions/A/vecLib
0x0000000009e47000 	/System/Library/Frameworks/Accelerate.framework/Versions/A/Frameworks/vecLib.framework/Versions/A/libvDSP.dylib
0x0000000009e47000 	/System/Library/Frameworks/Accelerate.framework/Versions/A/Frameworks/vecLib.framework/Versions/A/libvMisc.dylib
0x0000000009e47000 	/System/Library/Frameworks/Accelerate.framework/Versions/A/Frameworks/vecLib.framework/Versions/A/libLAPACK.dylib
0x0000000009e47000 	/System/Library/Frameworks/Accelerate.framework/Versions/A/Frameworks/vecLib.framework/Versions/A/libBLAS.dylib
0x0000000009e47000 	/System/Library/Frameworks/Accelerate.framework/Versions/A/Frameworks/vecLib.framework/Versions/A/libLinearAlgebra.dylib
0x0000000009e47000 	/System/Library/Frameworks/Accelerate.framework/Versions/A/Frameworks/vecLib.framework/Versions/A/libSparseBLAS.dylib
0x0000000009e47000 	/System/Library/PrivateFrameworks/GPUCompiler.framework/libmetal_timestamp.dylib
0x0000000009e47000 	/System/Library/Frameworks/OpenGL.framework/Versions/A/Libraries/libCoreFSCache.dylib
0x0000000009e47000 	/System/Library/PrivateFrameworks/IOAccelerator.framework/Versions/A/IOAccelerator
0x0000000009e47000 	/System/Library/Frameworks/ApplicationServices.framework/Versions/A/Frameworks/ATS.framework/Versions/A/Resources/libFontParser.dylib
0x0000000009e47000 	/System/Library/Frameworks/ApplicationServices.framework/Versions/A/Frameworks/ATS.framework/Versions/A/Resources/libFontRegistry.dylib
0x0000000009e47000 	/System/Library/PrivateFrameworks/AppleVPA.framework/Versions/A/AppleVPA
0x0000000009e47000 	/System/Library/PrivateFrameworks/AppleJPEG.framework/Versions/A/AppleJPEG
0x0000000009e47000 	/System/Library/Frameworks/ImageIO.framework/Versions/A/Resources/libJPEG.dylib
0x0000000009e47000 	/System/Library/Frameworks/ImageIO.framework/Versions/A/Resources/libTIFF.dylib
0x0000000009e47000 	/System/Library/Frameworks/ImageIO.framework/Versions/A/Resources/libPng.dylib
0x0000000009e47000 	/System/Library/Frameworks/ImageIO.framework/Versions/A/Resources/libGIF.dylib
0x0000000009e47000 	/System/Library/Frameworks/ImageIO.framework/Versions/A/Resources/libJP2.dylib
0x0000000009e47000 	/System/Library/Frameworks/ImageIO.framework/Versions/A/Resources/libRadiance.dylib
0x0000000009e47000 	/System/Library/Frameworks/CoreVideo.framework/Versions/A/CoreVideo
0x0000000009e47000 	/System/Library/Frameworks/OpenGL.framework/Versions/A/Libraries/libGLU.dylib
0x0000000009e47000 	/System/Library/Frameworks/OpenGL.framework/Versions/A/Libraries/libGFXShared.dylib
0x0000000009e47000 	/System/Library/Frameworks/OpenGL.framework/Versions/A/Libraries/libGL.dylib
0x0000000009e47000 	/System/Library/Frameworks/OpenGL.framework/Versions/A/Libraries/libGLImage.dylib
0x0000000009e47000 	/System/Library/Frameworks/OpenGL.framework/Versions/A/Libraries/libCVMSPluginSupport.dylib
0x0000000009e47000 	/System/Library/Frameworks/OpenGL.framework/Versions/A/Libraries/libCoreVMClient.dylib
0x0000000009e47000 	/usr/lib/libcompression.dylib
0x0000000009e47000 	/usr/lib/libcups.2.dylib
0x0000000009e47000 	/System/Library/Frameworks/Kerberos.framework/Versions/A/Kerberos
0x0000000009e47000 	/System/Library/Frameworks/GSS.framework/Versions/A/GSS
0x0000000009e47000 	/usr/lib/libresolv.9.dylib
0x0000000009e47000 	/usr/lib/libiconv.2.dylib
0x0000000009e47000 	/System/Library/PrivateFrameworks/Heimdal.framework/Versions/A/Heimdal
0x0000000009e47000 	/usr/lib/libheimdal-asn1.dylib
0x0000000009e47000 	/System/Library/Frameworks/OpenDirectory.framework/Versions/A/OpenDirectory
0x0000000009e47000 	/System/Library/PrivateFrameworks/CommonAuth.framework/Versions/A/CommonAuth
0x0000000009e47000 	/System/Library/Frameworks/OpenDirectory.framework/Versions/A/Frameworks/CFOpenDirectory.framework/Versions/A/CFOpenDirectory
0x0000000009e47000 	/System/Library/Frameworks/SecurityFoundation.framework/Versions/A/SecurityFoundation
0x0000000009e47000 	/System/Library/PrivateFrameworks/LanguageModeling.framework/Versions/A/LanguageModeling
0x0000000009e47000 	/usr/lib/libmarisa.dylib
0x0000000009e47000 	/usr/lib/libChineseTokenizer.dylib
0x0000000009e47000 	/usr/lib/libcmph.dylib
0x0000000009e47000 	/System/Library/Frameworks/ServiceManagement.framework/Versions/A/ServiceManagement
0x0000000009e47000 	/usr/lib/libxslt.1.dylib
0x0000000009e47000 	/System/Library/Frameworks/Carbon.framework/Versions/A/Frameworks/Ink.framework/Versions/A/Ink
0x0000000009e47000 	/usr/lib/libFosl_dynamic.dylib
0x0000000009e47000 	/System/Library/PrivateFrameworks/FaceCore.framework/Versions/A/FaceCore
0x0000000009e47000 	/System/Library/Frameworks/OpenCL.framework/Versions/A/OpenCL
0x0000000009e47000 	/System/Library/PrivateFrameworks/CrashReporterSupport.framework/Versions/A/CrashReporterSupport
0x0000000009e47000 	/System/Library/PrivateFrameworks/IconServices.framework/Versions/A/IconServices
0x0000000009e47000 	/System/Library/PrivateFrameworks/Apple80211.framework/Versions/A/Apple80211
0x0000000009e47000 	/System/Library/Frameworks/CoreWLAN.framework/Versions/A/CoreWLAN
0x0000000009e47000 	/System/Library/Frameworks/IOBluetooth.framework/Versions/A/IOBluetooth
0x0000000009e47000 	/System/Library/PrivateFrameworks/CoreWiFi.framework/Versions/A/CoreWiFi
0x0000000009e47000 	/System/Library/Frameworks/CoreBluetooth.framework/Versions/A/CoreBluetooth
0x0000000009e47000 	/System/Library/PrivateFrameworks/ChunkingLibrary.framework/Versions/A/ChunkingLibrary
0x0000000009e47000 	/System/Library/PrivateFrameworks/DebugSymbols.framework/Versions/A/DebugSymbols
0x0000000009e47000 	/System/Library/PrivateFrameworks/CoreSymbolication.framework/Versions/A/CoreSymbolication
0x0000000009e47000 	/System/Library/PrivateFrameworks/Symbolication.framework/Versions/A/Symbolication
0x0000000009e47000 	/System/Library/PrivateFrameworks/SpeechRecognitionCore.framework/Versions/A/SpeechRecognitionCore
0x0000000102a00000 	/Library/Java/JavaVirtualMachines/jdk1.8.0_121.jdk/Contents/Home/jre/lib/server/libjvm.dylib
0x0000000009e47000 	/usr/lib/libstdc++.6.dylib
0x0000000101886000 	/Library/Java/JavaVirtualMachines/jdk1.8.0_121.jdk/Contents/Home/jre/lib/libverify.dylib
0x0000000101894000 	/Library/Java/JavaVirtualMachines/jdk1.8.0_121.jdk/Contents/Home/jre/lib/libjava.dylib
0x00000001018d3000 	/Library/Java/JavaVirtualMachines/jdk1.8.0_121.jdk/Contents/Home/jre/lib/libzip.dylib
0x000000011e945000 	/System/Library/Frameworks/JavaVM.framework/Frameworks/JavaRuntimeSupport.framework/JavaRuntimeSupport
0x000000011e960000 	/System/Library/Frameworks/JavaVM.framework/Versions/A/Frameworks/JavaNativeFoundation.framework/Versions/A/JavaNativeFoundation
0x00000001019f0000 	/System/Library/Frameworks/JavaVM.framework/Versions/A/JavaVM
0x0000000009e47000 	/System/Library/Frameworks/Carbon.framework/Versions/A/Carbon
0x000000011e975000 	/System/Library/PrivateFrameworks/JavaLaunching.framework/Versions/A/JavaLaunching
0x0000000009e47000 	/System/Library/Frameworks/Carbon.framework/Versions/A/Frameworks/CommonPanels.framework/Versions/A/CommonPanels
0x0000000009e47000 	/System/Library/Frameworks/Carbon.framework/Versions/A/Frameworks/Help.framework/Versions/A/Help
0x0000000009e47000 	/System/Library/Frameworks/Carbon.framework/Versions/A/Frameworks/ImageCapture.framework/Versions/A/ImageCapture
0x0000000009e47000 	/System/Library/Frameworks/Carbon.framework/Versions/A/Frameworks/OpenScripting.framework/Versions/A/OpenScripting
0x0000000009e47000 	/System/Library/Frameworks/Carbon.framework/Versions/A/Frameworks/Print.framework/Versions/A/Print
0x0000000009e47000 	/System/Library/Frameworks/Carbon.framework/Versions/A/Frameworks/SecurityHI.framework/Versions/A/SecurityHI
0x00000001204d0000 	/Applications/IntelliJ IDEA 15.app/Contents/bin/libbreakgen64.jnilib
0x00000001204d3000 	/Library/Java/JavaVirtualMachines/jdk1.8.0_121.jdk/Contents/Home/jre/lib/libnet.dylib
0x000000012056e000 	/Users/christian.gao/.javacpp/cache/opencv-3.4.0-1.4-macosx-x86_64.jar/org/bytedeco/javacpp/macosx-x86_64/libopencv_core.3.4.dylib
0x00000001208f9000 	/Library/Java/JavaVirtualMachines/jdk1.8.0_121.jdk/Contents/Home/jre/lib/libnio.dylib
0x0000000120909000 	/Users/christian.gao/.javacpp/cache/opencv-3.4.0-1.4-macosx-x86_64.jar/org/bytedeco/javacpp/macosx-x86_64/libopencv_imgproc.3.4.dylib
0x0000000120e47000 	/Users/christian.gao/.javacpp/cache/opencv-3.4.0-1.4-macosx-x86_64.jar/org/bytedeco/javacpp/macosx-x86_64/libjniopencv_core.dylib
0x0000000121467000 	/Users/christian.gao/.javacpp/cache/opencv-3.4.0-1.4-macosx-x86_64.jar/org/bytedeco/javacpp/macosx-x86_64/libjniopencv_imgproc.dylib
0x00000001215de000 	/Users/christian.gao/.javacpp/cache/opencv-3.4.0-1.4-macosx-x86_64.jar/org/bytedeco/javacpp/macosx-x86_64/libopencv_imgcodecs.3.4.dylib
0x00000001218bf000 	/Users/christian.gao/.javacpp/cache/opencv-3.4.0-1.4-macosx-x86_64.jar/org/bytedeco/javacpp/macosx-x86_64/libjniopencv_imgcodecs.dylib
0x0000000121a68000 	/Library/Java/JavaVirtualMachines/jdk1.8.0_121.jdk/Contents/Home/jre/lib/libawt.dylib
0x0000000121b75000 	/Library/Java/JavaVirtualMachines/jdk1.8.0_121.jdk/Contents/Home/jre/lib/./libmlib_image.dylib
0x0000000121c41000 	/Library/Java/JavaVirtualMachines/jdk1.8.0_121.jdk/Contents/Home/jre/lib/libawt_lwawt.dylib
0x0000000121393000 	/Library/Java/JavaVirtualMachines/jdk1.8.0_121.jdk/Contents/Home/jre/lib/./libosxapp.dylib
0x0000000009e47000 	/System/Library/Frameworks/ExceptionHandling.framework/Versions/A/ExceptionHandling
0x0000000009e47000 	/System/Library/PrivateFrameworks/CoreServicesInternal.framework/Versions/A/CoreServicesInternal
0x0000000009e47000 	/System/Library/Frameworks/CoreGraphics.framework/Versions/A/Resources/libRIP.A.dylib
0x0000000009e47000 	/System/Library/Frameworks/Accelerate.framework/Versions/A/Frameworks/vImage.framework/Versions/A/Libraries/libCGInterfaces.dylib
0x0000000009e47000 	/System/Library/Frameworks/CoreGraphics.framework/Versions/A/Resources/libCGXType.A.dylib
0x0000000009e47000 	/System/Library/Frameworks/OpenCL.framework/Versions/A/Libraries/libcldcpuengine.dylib
0x0000000009e47000 	/System/Library/PrivateFrameworks/DiskImages.framework/Versions/A/DiskImages
0x0000000009e47000 	/System/Library/Frameworks/DiscRecording.framework/Versions/A/DiscRecording
0x0000000009e47000 	/usr/lib/libcsfde.dylib
0x0000000009e47000 	/usr/lib/libcurl.4.dylib
0x0000000009e47000 	/System/Library/PrivateFrameworks/MediaKit.framework/Versions/A/MediaKit
0x0000000009e47000 	/System/Library/PrivateFrameworks/ProtectedCloudStorage.framework/Versions/A/ProtectedCloudStorage
0x0000000009e47000 	/usr/lib/libCoreStorage.dylib
0x0000000009e47000 	/System/Library/PrivateFrameworks/EFILogin.framework/Versions/A/EFILogin
0x0000000009e47000 	/usr/lib/libutil.dylib
0x0000000009e47000 	/System/Library/PrivateFrameworks/FindMyDevice.framework/Versions/A/FindMyDevice
0x0000000009e47000 	/System/Library/Frameworks/LDAP.framework/Versions/A/LDAP
0x0000000009e47000 	/usr/lib/libsasl2.2.dylib
0x0000000009e47000 	/System/Library/PrivateFrameworks/CoreDaemon.framework/Versions/B/CoreDaemon
0x0000000009e47000 	/usr/lib/libcrypto.0.9.8.dylib
0x0000000009e47000 	/System/Library/PrivateFrameworks/AppleSRP.framework/Versions/A/AppleSRP
0x0000000009e47000 	/System/Library/PrivateFrameworks/TrustEvaluationAgent.framework/Versions/A/TrustEvaluationAgent
0x00000001212ec000 	cl_kernels
0x0000000009e47000 	/System/Library/Frameworks/OpenCL.framework/Versions/A/Libraries/ImageFormats/unorm8_bgra.dylib
0x0000000009e47000 	/System/Library/Frameworks/OpenCL.framework/Versions/A/Libraries/ImageFormats/unorm8_rgba.dylib
0x0000000009e47000 	/System/Library/PrivateFrameworks/FamilyControls.framework/Versions/A/FamilyControls
0x0000000009e47000 	/System/Library/PrivateFrameworks/CommerceKit.framework/Versions/A/Frameworks/CommerceCore.framework/Versions/A/CommerceCore
0x0000000009e47000 	/System/Library/PrivateFrameworks/SystemAdministration.framework/Versions/A/SystemAdministration
0x0000000009e47000 	/System/Library/PrivateFrameworks/AppContainer.framework/Versions/A/AppContainer
0x0000000009e47000 	/System/Library/PrivateFrameworks/SecCodeWrapper.framework/Versions/A/SecCodeWrapper
0x0000000009e47000 	/System/Library/Frameworks/DirectoryService.framework/Versions/A/DirectoryService
0x0000000009e47000 	/System/Library/PrivateFrameworks/LoginUIKit.framework/Versions/A/Frameworks/LoginUICore.framework/Versions/A/LoginUICore
0x0000000009e47000 	/usr/lib/libodfde.dylib
0x0000000009e47000 	/System/Library/Frameworks/OpenGL.framework/Versions/A/Resources/GLEngine.bundle/GLEngine
0x0000000009e47000 	/System/Library/Frameworks/OpenGL.framework/Versions/A/Libraries/libGLProgrammability.dylib
0x0000000124981000 	/System/Library/Extensions/AppleIntelHD5000GraphicsGLDriver.bundle/Contents/MacOS/AppleIntelHD5000GraphicsGLDriver
0x0000000009e47000 	/System/Library/PrivateFrameworks/GPUSupport.framework/Versions/A/Libraries/libGPUSupportMercury.dylib
0x0000000009e47000 	/System/Library/Extensions/GeForceGLDriver.bundle/Contents/MacOS/GeForceGLDriver
0x0000000009e47000 	/System/Library/Extensions/GeForceGLDriver.bundle/Contents/MacOS/libclh.dylib
0x0000000009e47000 	/System/Library/Frameworks/OpenGL.framework/Versions/A/Resources/GLRendererFloat.bundle/GLRendererFloat
0x0000000125992000 	/Library/Java/JavaVirtualMachines/jdk1.8.0_121.jdk/Contents/Home/jre/lib/libfontmanager.dylib
0x0000000122e6a000 	/Library/Java/JavaVirtualMachines/jdk1.8.0_121.jdk/Contents/Home/jre/lib/libosxui.dylib
0x00000001290a2000 	/System/Library/Extensions/GeForceMTLDriver.bundle/Contents/MacOS/GeForceMTLDriver
0x0000000129366000 	/System/Library/Extensions/AppleIntelHD5000GraphicsMTLDriver.bundle/Contents/MacOS/AppleIntelHD5000GraphicsMTLDriver

VM Arguments:
jvm_args: -Didea.launcher.port=7539 -Didea.launcher.bin.path=/Applications/IntelliJ IDEA 15.app/Contents/bin -Dfile.encoding=UTF-8 
java_command: com.intellij.rt.execution.application.AppMain com.kareo.ocr.scanner.OcrRunner
java_class_path (initial): /Library/Java/JavaVirtualMachines/jdk1.8.0_121.jdk/Contents/Home/jre/lib/charsets.jar:/Library/Java/JavaVirtualMachines/jdk1.8.0_121.jdk/Contents/Home/jre/lib/deploy.jar:/Library/Java/JavaVirtualMachines/jdk1.8.0_121.jdk/Contents/Home/jre/lib/ext/cldrdata.jar:/Library/Java/JavaVirtualMachines/jdk1.8.0_121.jdk/Contents/Home/jre/lib/ext/dnsns.jar:/Library/Java/JavaVirtualMachines/jdk1.8.0_121.jdk/Contents/Home/jre/lib/ext/jaccess.jar:/Library/Java/JavaVirtualMachines/jdk1.8.0_121.jdk/Contents/Home/jre/lib/ext/jfxrt.jar:/Library/Java/JavaVirtualMachines/jdk1.8.0_121.jdk/Contents/Home/jre/lib/ext/localedata.jar:/Library/Java/JavaVirtualMachines/jdk1.8.0_121.jdk/Contents/Home/jre/lib/ext/nashorn.jar:/Library/Java/JavaVirtualMachines/jdk1.8.0_121.jdk/Contents/Home/jre/lib/ext/sunec.jar:/Library/Java/JavaVirtualMachines/jdk1.8.0_121.jdk/Contents/Home/jre/lib/ext/sunjce_provider.jar:/Library/Java/JavaVirtualMachines/jdk1.8.0_121.jdk/Contents/Home/jre/lib/ext/sunpkcs11.jar:/Library/Java/JavaVirtualMachines/jdk1.8.0_121.jdk/Contents/Home/jre/lib/ext/zipfs.jar:/Library/Java/JavaVirtualMachines/jdk1.8.0_121.jdk/Contents/Home/jre/lib/javaws.jar:/Library/Java/JavaVirtualMachines/jdk1.8.0_121.jdk/Contents/Home/jre/lib/jce.jar:/Library/Java/JavaVirtualMachines/jdk1.8.0_121.jdk/Contents/Home/jre/lib/jfr.jar:/Library/Java/JavaVirtualMachines/jdk1.8.0_121.jdk/Contents/Home/jre/lib/jfxswt.jar:/Library/Java/JavaVirtualMachines/jdk1.8.0_121.jdk/Contents/Home/jre/lib/jsse.jar:/Library/Java/JavaVirtualMachines/jdk1.8.0_121.jdk/Contents/Home/jre/lib/management-agent.jar:/Library/Java/JavaVirtualMachines/jdk1.8.0_121.jdk/Contents/Home/jre/lib/plugin.jar:/Library/Java/JavaVirtualMachines/jdk1.8.0_121.jdk/Contents/Home/jre/lib/resources.jar:/Library/Java/JavaVirtualMachines/jdk1.8.0_121.jdk/Contents/Home/jre/lib/rt.jar:/Library/Java/JavaVirtualMachines/jdk1.8.0_121.jdk/Contents/Home/lib/ant-javafx.jar:/Library/Java/JavaVirtualMachines/jdk1.8.0_121.jdk/Contents/Home
Launcher Type: SUN_STANDARD

Environment Variables:
PATH=/usr/bin:/bin:/usr/sbin:/sbin
SHELL=/bin/bash
DISPLAY=/private/tmp/com.apple.launchd.X2RmTkeLEZ/org.macosforge.xquartz:0

Signal Handlers:
SIGSEGV: [libjvm.dylib+0x5b1141], sa_mask[0]=11111111011111110111111111111111, sa_flags=SA_ONSTACK|SA_RESTART|SA_SIGINFO
SIGBUS: [libjvm.dylib+0x5b1141], sa_mask[0]=11111111011111110111111111111111, sa_flags=SA_RESTART|SA_SIGINFO
SIGFPE: [libjvm.dylib+0x487bc4], sa_mask[0]=11111111011111110111111111111111, sa_flags=SA_RESTART|SA_SIGINFO
SIGPIPE: [libjvm.dylib+0x487bc4], sa_mask[0]=11111111011111110111111111111111, sa_flags=SA_RESTART|SA_SIGINFO
SIGXFSZ: [libjvm.dylib+0x487bc4], sa_mask[0]=11111111011111110111111111111111, sa_flags=SA_RESTART|SA_SIGINFO
SIGILL: [libjvm.dylib+0x487bc4], sa_mask[0]=11111111011111110111111111111111, sa_flags=SA_RESTART|SA_SIGINFO
SIGUSR1: SIG_DFL, sa_mask[0]=00000000000000000000000000000000, sa_flags=none
SIGUSR2: [libjvm.dylib+0x4876e2], sa_mask[0]=00100000000000000000000000000000, sa_flags=SA_RESTART|SA_SIGINFO
SIGHUP: [libjvm.dylib+0x485cb9], sa_mask[0]=11111111011111110111111111111111, sa_flags=SA_RESTART|SA_SIGINFO
SIGINT: [libjvm.dylib+0x485cb9], sa_mask[0]=11111111011111110111111111111111, sa_flags=SA_RESTART|SA_SIGINFO
SIGTERM: [libjvm.dylib+0x485cb9], sa_mask[0]=11111111011111110111111111111111, sa_flags=SA_RESTART|SA_SIGINFO
SIGQUIT: [libjvm.dylib+0x485cb9], sa_mask[0]=11111111011111110111111111111111, sa_flags=SA_RESTART|SA_SIGINFO


---------------  S Y S T E M  ---------------

OS:Bsduname:Darwin 15.6.0 Darwin Kernel Version 15.6.0: Sun Jun  4 21:43:07 PDT 2017; root:xnu-3248.70.3~1/RELEASE_X86_64 x86_64
rlimit: STACK 8192k, CORE 0k, NPROC 709, NOFILE 10240, AS infinity
load average:4.98 4.00 3.53

CPU:total 8 (4 cores per cpu, 2 threads per core) family 6 model 70 stepping 1, cmov, cx8, fxsr, mmx, sse, sse2, sse3, ssse3, sse4.1, sse4.2, popcnt, avx, avx2, aes, clmul, erms, rtm, lzcnt, ht, tsc, tscinvbit, bmi1, bmi2

Memory: 4k page, physical 16777216k(139740k free)

/proc/meminfo:


vm_info: Java HotSpot(TM) 64-Bit Server VM (25.121-b13) for bsd-amd64 JRE (1.8.0_121-b13), built on Dec 12 2016 20:39:32 by "java_re" with gcc 4.2.1 (Based on Apple Inc. build 5658) (LLVM build 2336.11.00)

time: Mon Jan 29 13:16:17 2018
elapsed time: 1 seconds (0d 0h 0m 1s)

