#
# A fatal error has been detected by the Java Runtime Environment:
#
#  SIGSEGV (0xb) at pc=0x000000012c7bbe4a, pid=14918, tid=0x0000000000001703
#
# JRE version: Java(TM) SE Runtime Environment (8.0_121-b13) (build 1.8.0_121-b13)
# Java VM: Java HotSpot(TM) 64-Bit Server VM (25.121-b13 mixed mode bsd-amd64 compressed oops)
# Problematic frame:
# C  [libopencv_core.3.4.dylib+0xce4a]  _ZN2cv7inRangeERKNS_11_InputArrayES2_S2_RKNS_12_OutputArrayE+0x211a
#
# Failed to write core dump. Core dumps have been disabled. To enable core dumping, try "ulimit -c unlimited" before starting Java again
#
# If you would like to submit a bug report, please visit:
#   http://bugreport.java.com/bugreport/crash.jsp
# The crash happened outside the Java Virtual Machine in native code.
# See problematic frame for where to report the bug.
#

---------------  T H R E A D  ---------------

Current thread (0x00007fa1d380b000):  JavaThread "main" [_thread_in_native, id=5891, stack(0x000070000011a000,0x000070000021a000)]

siginfo: si_signo: 11 (SIGSEGV), si_code: 1 (SEGV_MAPERR), si_addr: 0x0000000000000031

Registers:
RAX=0x000000000000001d, RBX=0x00007fa1d380b1f8, RCX=0x0000000000000113, RDX=0x0000700000217e60
RSP=0x0000700000217b30, RBP=0x0000700000218df0, RSI=0x00007fa1d500d078, RDI=0x0000700000218e40
R8 =0x0000700000218f48, R9 =0x000000076dde03f8, R10=0x000000012cac6501, R11=0x000000012c7b9d30
R12=0x0000000000010000, R13=0x0000700000218e28, R14=0x0000000000010000, R15=0x0000000000010000
RIP=0x000000012c7bbe4a, EFLAGS=0x0000000000010206, ERR=0x0000000000000006
  TRAPNO=0x000000000000000e

Top of Stack: (sp=0x0000700000217b30)
0x0000700000217b30:   0000700000218530 0000700000218570
0x0000700000217b40:   0000700000218670 0000000000000003
0x0000700000217b50:   0000700000218530 0000700000217d60
0x0000700000217b60:   00007fff60721078 0000000000000000
0x0000700000217b70:   0000700000217bc0 00007fff606e438f
0x0000700000217b80:   0000700000218530 0000700000218570
0x0000700000217b90:   0000700000218670 0000000000000008
0x0000700000217ba0:   0000700000218530 0000700000217d60
0x0000700000217bb0:   00007fff60720f08 0000000000000002
0x0000700000217bc0:   0000700000217c10 00007fff606e438f
0x0000700000217bd0:   0000700000218530 0000700000218570
0x0000700000217be0:   0000700000218e28 0000700000218e40
0x0000700000217bf0:   0000700000218e58 0000700000217d60
0x0000700000217c00:   00007fff60719860 0000000000000005
0x0000700000217c10:   0000700000217c60 00007fff606e438f
0x0000700000217c20:   0000700000218530 0000700000218570
0x0000700000217c30:   0000700000218670 000000000000000a
0x0000700000217c40:   0000700000218530 0000700000217d60
0x0000700000217c50:   00007fff607221a0 0000000000000000
0x0000700000217c60:   0000700000217cb0 00007fff606e438f
0x0000700000217c70:   00007fa1d2e1ea00 0000700000218670
0x0000700000217c80:   0000700000217cc0 00007fff606ee0e2
0x0000700000217c90:   00007fff6070ee48 00007fa1d2e1ea00
0x0000700000217ca0:   0000700000218530 00007fa1d2e1ea00
0x0000700000217cb0:   0000700000218670 0000700000218570
0x0000700000217cc0:   0000700000217d00 00007fff606e8577
0x0000700000217cd0:   000000006070ee48 00007fa1d2e1ea00
0x0000700000217ce0:   0000700000218530 0000700000217d60
0x0000700000217cf0:   00007fa1d2e1ea00 0000700000218570
0x0000700000217d00:   0000700000217d50 00007fff606e42ea
0x0000700000217d10:   0000700000218530 0000700000218570
0x0000700000217d20:   0000700000218670 00007fa1d2e1ea00 

Instructions: (pc=0x000000012c7bbe4a)
0x000000012c7bbe2a:   66 48 0f 7e c0 48 85 c0 48 c7 85 18 f0 ff ff 00
0x000000012c7bbe3a:   00 00 00 48 c7 85 10 f0 ff ff 00 00 00 00 74 04
0x000000012c7bbe4a:   f0 ff 40 14 83 7e 04 02 7f 35 48 8b 46 48 48 8b
0x000000012c7bbe5a:   08 48 8b 95 08 f0 ff ff 48 89 0a 48 8b 40 08 48 

Register to memory mapping:

RAX=0x000000000000001d is an unknown value
RBX=0x00007fa1d380b1f8 is an unknown value
RCX=0x0000000000000113 is an unknown value
RDX=0x0000700000217e60 is pointing into the stack for thread: 0x00007fa1d380b000
RSP=0x0000700000217b30 is pointing into the stack for thread: 0x00007fa1d380b000
RBP=0x0000700000218df0 is pointing into the stack for thread: 0x00007fa1d380b000
RSI=0x00007fa1d500d078 is an unknown value
RDI=0x0000700000218e40 is pointing into the stack for thread: 0x00007fa1d380b000
R8 =0x0000700000218f48 is pointing into the stack for thread: 0x00007fa1d380b000
R9 =0x000000076dde03f8 is an oop
org.bytedeco.javacpp.opencv_core$Mat 
 - klass: 'org/bytedeco/javacpp/opencv_core$Mat'
R10=0x000000012cac6501: __itt_get_env_var.env_buff+0x5921 in /Users/christian.gao/.javacpp/cache/opencv-3.4.0-1.4-macosx-x86_64.jar/org/bytedeco/javacpp/macosx-x86_64/libopencv_core.3.4.dylib at 0x000000012c7af000
R11=0x000000012c7b9d30: _ZN2cv7inRangeERKNS_11_InputArrayES2_S2_RKNS_12_OutputArrayE+0 in /Users/christian.gao/.javacpp/cache/opencv-3.4.0-1.4-macosx-x86_64.jar/org/bytedeco/javacpp/macosx-x86_64/libopencv_core.3.4.dylib at 0x000000012c7af000
R12=0x0000000000010000 is an unknown value
R13=0x0000700000218e28 is pointing into the stack for thread: 0x00007fa1d380b000
R14=0x0000000000010000 is an unknown value
R15=0x0000000000010000 is an unknown value


Stack: [0x000070000011a000,0x000070000021a000],  sp=0x0000700000217b30,  free space=1014k
Native frames: (J=compiled Java code, j=interpreted, Vv=VM code, C=native code)
C  [libopencv_core.3.4.dylib+0xce4a]  _ZN2cv7inRangeERKNS_11_InputArrayES2_S2_RKNS_12_OutputArrayE+0x211a
C  [libjniopencv_core.dylib+0x103bbd]  Java_org_bytedeco_javacpp_opencv_1core_inRange__Lorg_bytedeco_javacpp_opencv_1core_00024Mat_2Lorg_bytedeco_javacpp_opencv_1core_00024Mat_2Lorg_bytedeco_javacpp_opencv_1core_00024Mat_2Lorg_bytedeco_javacpp_opencv_1core_00024Mat_2+0x20d
j  org.bytedeco.javacpp.opencv_core.inRange(Lorg/bytedeco/javacpp/opencv_core$Mat;Lorg/bytedeco/javacpp/opencv_core$Mat;Lorg/bytedeco/javacpp/opencv_core$Mat;Lorg/bytedeco/javacpp/opencv_core$Mat;)V+0
j  com.kareo.ocr.scanner.OcrRunner.run_filters(Lorg/bytedeco/javacpp/opencv_core$Mat;)Lorg/bytedeco/javacpp/opencv_core$Mat;+37
j  com.kareo.ocr.scanner.OcrRunner.main([Ljava/lang/String;)V+13
v  ~StubRoutines::call_stub
V  [libjvm.dylib+0x2ed9d6]
V  [libjvm.dylib+0x4d26c4]
V  [libjvm.dylib+0x4d2bf8]
V  [libjvm.dylib+0x345db8]
j  sun.reflect.NativeMethodAccessorImpl.invoke0(Ljava/lang/reflect/Method;Ljava/lang/Object;[Ljava/lang/Object;)Ljava/lang/Object;+0
j  sun.reflect.NativeMethodAccessorImpl.invoke(Ljava/lang/Object;[Ljava/lang/Object;)Ljava/lang/Object;+100
j  sun.reflect.DelegatingMethodAccessorImpl.invoke(Ljava/lang/Object;[Ljava/lang/Object;)Ljava/lang/Object;+6
j  java.lang.reflect.Method.invoke(Ljava/lang/Object;[Ljava/lang/Object;)Ljava/lang/Object;+56
j  com.intellij.rt.execution.application.AppMain.main([Ljava/lang/String;)V+180
v  ~StubRoutines::call_stub
V  [libjvm.dylib+0x2ed9d6]
V  [libjvm.dylib+0x3247ce]
V  [libjvm.dylib+0x31d545]
C  [java+0x3931]  JavaMain+0x9c4
C  [libsystem_pthread.dylib+0x399d]  _pthread_body+0x83
C  [libsystem_pthread.dylib+0x391a]  _pthread_body+0x0
C  [libsystem_pthread.dylib+0x1351]  thread_start+0xd
C  0x0000000000000000

Java frames: (J=compiled Java code, j=interpreted, Vv=VM code)
j  org.bytedeco.javacpp.opencv_core.inRange(Lorg/bytedeco/javacpp/opencv_core$Mat;Lorg/bytedeco/javacpp/opencv_core$Mat;Lorg/bytedeco/javacpp/opencv_core$Mat;Lorg/bytedeco/javacpp/opencv_core$Mat;)V+0
j  com.kareo.ocr.scanner.OcrRunner.run_filters(Lorg/bytedeco/javacpp/opencv_core$Mat;)Lorg/bytedeco/javacpp/opencv_core$Mat;+37
j  com.kareo.ocr.scanner.OcrRunner.main([Ljava/lang/String;)V+13
v  ~StubRoutines::call_stub
j  sun.reflect.NativeMethodAccessorImpl.invoke0(Ljava/lang/reflect/Method;Ljava/lang/Object;[Ljava/lang/Object;)Ljava/lang/Object;+0
j  sun.reflect.NativeMethodAccessorImpl.invoke(Ljava/lang/Object;[Ljava/lang/Object;)Ljava/lang/Object;+100
j  sun.reflect.DelegatingMethodAccessorImpl.invoke(Ljava/lang/Object;[Ljava/lang/Object;)Ljava/lang/Object;+6
j  java.lang.reflect.Method.invoke(Ljava/lang/Object;[Ljava/lang/Object;)Ljava/lang/Object;+56
j  com.intellij.rt.execution.application.AppMain.main([Ljava/lang/String;)V+180
v  ~StubRoutines::call_stub

---------------  P R O C E S S  ---------------

Java Threads: ( => current thread )
  0x00007fa1d593e000 JavaThread "AWT-EventQueue-0" [_thread_blocked, id=59395, stack(0x0000700001d7a000,0x0000700001e7a000)]
  0x00007fa1d593c000 JavaThread "Java2D Disposer" daemon [_thread_blocked, id=58883, stack(0x0000700001c77000,0x0000700001d77000)]
  0x00007fa1d3994000 JavaThread "Java2D Queue Flusher" daemon [_thread_blocked, id=54535, stack(0x0000700001b74000,0x0000700001c74000)]
  0x00007fa1d39df000 JavaThread "AWT-Shutdown" [_thread_blocked, id=32531, stack(0x00007000017e2000,0x00007000018e2000)]
  0x00007fa1d429f800 JavaThread "AppKit Thread" daemon [_thread_in_native, id=2571, stack(0x00007fff51bb9000,0x00007fff523b9000)]
  0x00007fa1d406d000 JavaThread "JavaCPP Deallocator" daemon [_thread_blocked, id=22787, stack(0x000070000165c000,0x000070000175c000)]
  0x00007fa1d30bb800 JavaThread "Monitor Ctrl-Break" daemon [_thread_in_native, id=22275, stack(0x0000700001559000,0x0000700001659000)]
  0x00007fa1d6811800 JavaThread "Service Thread" daemon [_thread_blocked, id=21251, stack(0x0000700001353000,0x0000700001453000)]
  0x00007fa1d5804000 JavaThread "C1 CompilerThread3" daemon [_thread_blocked, id=20739, stack(0x0000700001250000,0x0000700001350000)]
  0x00007fa1d6816000 JavaThread "C2 CompilerThread2" daemon [_thread_blocked, id=20227, stack(0x000070000114d000,0x000070000124d000)]
  0x00007fa1d6003800 JavaThread "C2 CompilerThread1" daemon [_thread_blocked, id=19715, stack(0x000070000104a000,0x000070000114a000)]
  0x00007fa1d6814800 JavaThread "C2 CompilerThread0" daemon [_thread_blocked, id=19203, stack(0x0000700000f47000,0x0000700001047000)]
  0x00007fa1d6811000 JavaThread "Signal Dispatcher" daemon [_thread_blocked, id=15887, stack(0x0000700000e44000,0x0000700000f44000)]
  0x00007fa1d3817000 JavaThread "Finalizer" daemon [_thread_blocked, id=14339, stack(0x0000700000c3b000,0x0000700000d3b000)]
  0x00007fa1d3023000 JavaThread "Reference Handler" daemon [_thread_blocked, id=13827, stack(0x0000700000b38000,0x0000700000c38000)]
=>0x00007fa1d380b000 JavaThread "main" [_thread_in_native, id=5891, stack(0x000070000011a000,0x000070000021a000)]

Other Threads:
  0x00007fa1d3816800 VMThread [stack: 0x0000700000a35000,0x0000700000b35000] [id=13315]
  0x00007fa1d7050800 WatcherThread [stack: 0x0000700001456000,0x0000700001556000] [id=21763]

VM state:not at safepoint (normal execution)

VM Mutex/Monitor currently owned by a thread: None

Heap:
 PSYoungGen      total 76288K, used 54097K [0x000000076ab00000, 0x0000000770000000, 0x00000007c0000000)
  eden space 65536K, 82% used [0x000000076ab00000,0x000000076dfd4650,0x000000076eb00000)
  from space 10752K, 0% used [0x000000076f580000,0x000000076f580000,0x0000000770000000)
  to   space 10752K, 0% used [0x000000076eb00000,0x000000076eb00000,0x000000076f580000)
 ParOldGen       total 175104K, used 0K [0x00000006c0000000, 0x00000006cab00000, 0x000000076ab00000)
  object space 175104K, 0% used [0x00000006c0000000,0x00000006c0000000,0x00000006cab00000)
 Metaspace       used 12274K, capacity 12508K, committed 12800K, reserved 1060864K
  class space    used 1408K, capacity 1509K, committed 1536K, reserved 1048576K

Card table byte_map: [0x000000011ef62000,0x000000011f763000] byte_map_base: 0x000000011b962000

Marking Bits: (ParMarkBitMap*) 0x000000010f4f0d30
 Begin Bits: [0x000000011fcb9000, 0x0000000123cb9000)
 End Bits:   [0x0000000123cb9000, 0x0000000127cb9000)

Polling page: 0x000000010db0a000

CodeCache: size=245760Kb used=3047Kb max_used=3047Kb free=242712Kb
 bounds [0x000000010fba2000, 0x000000010fea2000, 0x000000011eba2000]
 total_blobs=1303 nmethods=734 adapters=483
 compilation: enabled

Compilation events (10 events):
Event: 1.126 Thread 0x00007fa1d5804000  729       3       sun.java2d.loops.GraphicsPrimitiveMgr::locate (104 bytes)
Event: 1.127 Thread 0x00007fa1d5804000 nmethod 729 0x000000010fe9c350 code [0x000000010fe9c560, 0x000000010fe9cf98]
Event: 1.127 Thread 0x00007fa1d5804000  730       3       java.util.Arrays::binarySearch (10 bytes)
Event: 1.127 Thread 0x00007fa1d5804000 nmethod 730 0x000000010fe9b510 code [0x000000010fe9b680, 0x000000010fe9b7e8]
Event: 1.148 Thread 0x00007fa1d5804000  731       3       java.lang.StrictMath::floorOrCeil (128 bytes)
Event: 1.149 Thread 0x00007fa1d5804000 nmethod 731 0x000000010fe9ae10 code [0x000000010fe9afa0, 0x000000010fe9b430]
Event: 1.149 Thread 0x00007fa1d5804000  732       3       java.lang.Math::getExponent (17 bytes)
Event: 1.149 Thread 0x00007fa1d5804000 nmethod 732 0x000000010fe9d610 code [0x000000010fe9d760, 0x000000010fe9d8d0]
Event: 1.149 Thread 0x00007fa1d5804000  733       3       sun.java2d.pipe.RenderBuffer::putInt (26 bytes)
Event: 1.149 Thread 0x00007fa1d5804000 nmethod 733 0x000000010fe9d950 code [0x000000010fe9dac0, 0x000000010fe9dc30]

GC Heap History (0 events):
No events

Deoptimization events (9 events):
Event: 0.136 Thread 0x00007fa1d380b000 Uncommon trap: reason=unstable_if action=reinterpret pc=0x000000010fcc3238 method=java.lang.String.indexOf(II)I @ 49
Event: 0.206 Thread 0x00007fa1d380b000 Uncommon trap: reason=unstable_if action=reinterpret pc=0x000000010fcaf058 method=java.lang.String.hashCode()I @ 14
Event: 0.526 Thread 0x00007fa1d380b000 Uncommon trap: reason=unstable_if action=reinterpret pc=0x000000010fdb4524 method=java.lang.String.lastIndexOf([CII[CIII)I @ 66
Event: 0.538 Thread 0x00007fa1d380b000 Uncommon trap: reason=unstable_if action=reinterpret pc=0x000000010fe0a30c method=java.lang.CharacterDataLatin1.toUpperCase(I)I @ 12
Event: 0.870 Thread 0x00007fa1d380b000 Uncommon trap: reason=unstable_if action=reinterpret pc=0x000000010fda6a1c method=sun.misc.MetaIndex.mayContain(Ljava/lang/String;)Z @ 38
Event: 0.872 Thread 0x00007fa1d380b000 Uncommon trap: reason=unstable_if action=reinterpret pc=0x000000010fdedec8 method=java.lang.AbstractStringBuilder.append(Ljava/lang/String;)Ljava/lang/AbstractStringBuilder; @ 1
Event: 0.872 Thread 0x00007fa1d380b000 Uncommon trap: reason=unstable_if action=reinterpret pc=0x000000010fd6fc94 method=java.lang.AbstractStringBuilder.append(Ljava/lang/String;)Ljava/lang/AbstractStringBuilder; @ 1
Event: 0.877 Thread 0x00007fa1d380b000 Uncommon trap: reason=unstable_if action=reinterpret pc=0x000000010fdc4ae4 method=java.util.HashMap.hash(Ljava/lang/Object;)I @ 1
Event: 0.881 Thread 0x00007fa1d380b000 Uncommon trap: reason=unstable_if action=reinterpret pc=0x000000010fd57f68 method=java.util.HashMap.hash(Ljava/lang/Object;)I @ 1

Internal exceptions (10 events):
Event: 0.234 Thread 0x00007fa1d380b000 Exception <a 'java/security/PrivilegedActionException'> (0x000000076b21f250) thrown at [/Users/java_re/workspace/8-2-build-macosx-x86_64/jdk8u121/8372/hotspot/src/share/vm/prims/jvm.cpp, line 1390]
Event: 0.234 Thread 0x00007fa1d380b000 Exception <a 'java/security/PrivilegedActionException'> (0x000000076b21f460) thrown at [/Users/java_re/workspace/8-2-build-macosx-x86_64/jdk8u121/8372/hotspot/src/share/vm/prims/jvm.cpp, line 1390]
Event: 0.559 Thread 0x00007fa1d380b000 Exception <a 'java/lang/NoSuchFieldError': method resolution failed> (0x000000076d9576a8) thrown at [/Users/java_re/workspace/8-2-build-macosx-x86_64/jdk8u121/8372/hotspot/src/share/vm/prims/methodHandles.cpp, line 1146]
Event: 0.561 Thread 0x00007fa1d380b000 Exception <a 'java/lang/NoSuchFieldError': method resolution failed> (0x000000076d964d98) thrown at [/Users/java_re/workspace/8-2-build-macosx-x86_64/jdk8u121/8372/hotspot/src/share/vm/prims/methodHandles.cpp, line 1146]
Event: 0.724 Thread 0x00007fa1d380b000 Exception <a 'java/io/FileNotFoundException'> (0x000000076d9df368) thrown at [/Users/java_re/workspace/8-2-build-macosx-x86_64/jdk8u121/8372/hotspot/src/share/vm/prims/jni.cpp, line 709]
Event: 0.724 Thread 0x00007fa1d380b000 Exception <a 'java/io/FileNotFoundException'> (0x000000076d9dff10) thrown at [/Users/java_re/workspace/8-2-build-macosx-x86_64/jdk8u121/8372/hotspot/src/share/vm/prims/jni.cpp, line 709]
Event: 0.872 Thread 0x00007fa1d380b000 Implicit null exception at 0x000000010fdedaf5 to 0x000000010fdedeb5
Event: 0.872 Thread 0x00007fa1d380b000 Implicit null exception at 0x000000010fd6f8b6 to 0x000000010fd6fc7d
Event: 0.877 Thread 0x00007fa1d380b000 Implicit null exception at 0x000000010fdc48b5 to 0x000000010fdc4ad5
Event: 0.881 Thread 0x00007fa1d380b000 Implicit null exception at 0x000000010fd57eef to 0x000000010fd57f59

Events (10 events):
Event: 1.123 loading class sun/awt/image/BufImgSurfaceManager
Event: 1.123 loading class sun/awt/image/BufImgSurfaceManager done
Event: 1.123 loading class sun/awt/image/BufImgSurfaceData
Event: 1.123 loading class sun/awt/image/BufImgSurfaceData done
Event: 1.123 loading class sun/awt/image/BufImgSurfaceData$ICMColorData
Event: 1.123 loading class sun/awt/image/BufImgSurfaceData$ICMColorData done
Event: 1.124 loading class sun/java2d/opengl/OGLSurfaceDataProxy
Event: 1.124 loading class sun/java2d/opengl/OGLSurfaceDataProxy done
Event: 1.124 loading class sun/java2d/loops/RenderLoops
Event: 1.124 loading class sun/java2d/loops/RenderLoops done


Dynamic libraries:
0x0000000009e47000 	/System/Library/Frameworks/Cocoa.framework/Versions/A/Cocoa
0x0000000009e47000 	/System/Library/Frameworks/Security.framework/Versions/A/Security
0x0000000009e47000 	/System/Library/Frameworks/ApplicationServices.framework/Versions/A/ApplicationServices
0x0000000009e47000 	/usr/lib/libz.1.dylib
0x0000000009e47000 	/usr/lib/libSystem.B.dylib
0x0000000009e47000 	/usr/lib/libobjc.A.dylib
0x0000000009e47000 	/System/Library/Frameworks/CoreFoundation.framework/Versions/A/CoreFoundation
0x0000000009e47000 	/System/Library/Frameworks/Foundation.framework/Versions/C/Foundation
0x0000000009e47000 	/System/Library/Frameworks/AppKit.framework/Versions/C/AppKit
0x0000000009e47000 	/System/Library/Frameworks/CoreData.framework/Versions/A/CoreData
0x0000000009e47000 	/System/Library/PrivateFrameworks/RemoteViewServices.framework/Versions/A/RemoteViewServices
0x0000000009e47000 	/System/Library/PrivateFrameworks/UIFoundation.framework/Versions/A/UIFoundation
0x0000000009e47000 	/usr/lib/libScreenReader.dylib
0x0000000009e47000 	/System/Library/Frameworks/Accelerate.framework/Versions/A/Accelerate
0x0000000009e47000 	/System/Library/Frameworks/IOSurface.framework/Versions/A/IOSurface
0x0000000009e47000 	/System/Library/Frameworks/AudioToolbox.framework/Versions/A/AudioToolbox
0x0000000009e47000 	/System/Library/Frameworks/AudioUnit.framework/Versions/A/AudioUnit
0x0000000009e47000 	/System/Library/PrivateFrameworks/DataDetectorsCore.framework/Versions/A/DataDetectorsCore
0x0000000009e47000 	/System/Library/PrivateFrameworks/DesktopServicesPriv.framework/Versions/A/DesktopServicesPriv
0x0000000009e47000 	/System/Library/Frameworks/Carbon.framework/Versions/A/Frameworks/HIToolbox.framework/Versions/A/HIToolbox
0x0000000009e47000 	/System/Library/Frameworks/QuartzCore.framework/Versions/A/QuartzCore
0x0000000009e47000 	/System/Library/Frameworks/Carbon.framework/Versions/A/Frameworks/SpeechRecognition.framework/Versions/A/SpeechRecognition
0x0000000009e47000 	/usr/lib/libauto.dylib
0x0000000009e47000 	/usr/lib/libicucore.A.dylib
0x0000000009e47000 	/usr/lib/libxml2.2.dylib
0x0000000009e47000 	/System/Library/PrivateFrameworks/CoreUI.framework/Versions/A/CoreUI
0x0000000009e47000 	/System/Library/Frameworks/CoreAudio.framework/Versions/A/CoreAudio
0x0000000009e47000 	/System/Library/Frameworks/DiskArbitration.framework/Versions/A/DiskArbitration
0x0000000009e47000 	/usr/lib/liblangid.dylib
0x0000000009e47000 	/System/Library/PrivateFrameworks/MultitouchSupport.framework/Versions/A/MultitouchSupport
0x0000000009e47000 	/System/Library/Frameworks/IOKit.framework/Versions/A/IOKit
0x0000000009e47000 	/usr/lib/libDiagnosticMessagesClient.dylib
0x0000000009e47000 	/System/Library/Frameworks/CoreServices.framework/Versions/A/CoreServices
0x0000000009e47000 	/System/Library/PrivateFrameworks/PerformanceAnalysis.framework/Versions/A/PerformanceAnalysis
0x0000000009e47000 	/System/Library/PrivateFrameworks/GenerationalStorage.framework/Versions/A/GenerationalStorage
0x0000000009e47000 	/System/Library/Frameworks/OpenGL.framework/Versions/A/OpenGL
0x0000000009e47000 	/System/Library/PrivateFrameworks/Sharing.framework/Versions/A/Sharing
0x0000000009e47000 	/System/Library/Frameworks/CoreGraphics.framework/Versions/A/CoreGraphics
0x0000000009e47000 	/System/Library/Frameworks/CoreImage.framework/Versions/A/CoreImage
0x0000000009e47000 	/System/Library/Frameworks/CoreText.framework/Versions/A/CoreText
0x0000000009e47000 	/System/Library/Frameworks/ImageIO.framework/Versions/A/ImageIO
0x0000000009e47000 	/System/Library/PrivateFrameworks/Backup.framework/Versions/A/Backup
0x0000000009e47000 	/usr/lib/libextension.dylib
0x0000000009e47000 	/usr/lib/libarchive.2.dylib
0x0000000009e47000 	/System/Library/Frameworks/CFNetwork.framework/Versions/A/CFNetwork
0x0000000009e47000 	/System/Library/Frameworks/SystemConfiguration.framework/Versions/A/SystemConfiguration
0x0000000009e47000 	/usr/lib/libCRFSuite.dylib
0x0000000009e47000 	/usr/lib/libc++.1.dylib
0x0000000009e47000 	/usr/lib/libc++abi.dylib
0x0000000009e47000 	/usr/lib/system/libcache.dylib
0x0000000009e47000 	/usr/lib/system/libcommonCrypto.dylib
0x0000000009e47000 	/usr/lib/system/libcompiler_rt.dylib
0x0000000009e47000 	/usr/lib/system/libcopyfile.dylib
0x0000000009e47000 	/usr/lib/system/libcorecrypto.dylib
0x0000000009e47000 	/usr/lib/system/libdispatch.dylib
0x0000000009e47000 	/usr/lib/system/libdyld.dylib
0x0000000009e47000 	/usr/lib/system/libkeymgr.dylib
0x0000000009e47000 	/usr/lib/system/liblaunch.dylib
0x0000000009e47000 	/usr/lib/system/libmacho.dylib
0x0000000009e47000 	/usr/lib/system/libquarantine.dylib
0x0000000009e47000 	/usr/lib/system/libremovefile.dylib
0x0000000009e47000 	/usr/lib/system/libsystem_asl.dylib
0x0000000009e47000 	/usr/lib/system/libsystem_blocks.dylib
0x0000000009e47000 	/usr/lib/system/libsystem_c.dylib
0x0000000009e47000 	/usr/lib/system/libsystem_configuration.dylib
0x0000000009e47000 	/usr/lib/system/libsystem_coreservices.dylib
0x0000000009e47000 	/usr/lib/system/libsystem_coretls.dylib
0x0000000009e47000 	/usr/lib/system/libsystem_dnssd.dylib
0x0000000009e47000 	/usr/lib/system/libsystem_info.dylib
0x0000000009e47000 	/usr/lib/system/libsystem_kernel.dylib
0x0000000009e47000 	/usr/lib/system/libsystem_m.dylib
0x0000000009e47000 	/usr/lib/system/libsystem_malloc.dylib
0x0000000009e47000 	/usr/lib/system/libsystem_network.dylib
0x0000000009e47000 	/usr/lib/system/libsystem_networkextension.dylib
0x0000000009e47000 	/usr/lib/system/libsystem_notify.dylib
0x0000000009e47000 	/usr/lib/system/libsystem_platform.dylib
0x0000000009e47000 	/usr/lib/system/libsystem_pthread.dylib
0x0000000009e47000 	/usr/lib/system/libsystem_sandbox.dylib
0x0000000009e47000 	/usr/lib/system/libsystem_secinit.dylib
0x0000000009e47000 	/usr/lib/system/libsystem_trace.dylib
0x0000000009e47000 	/usr/lib/system/libunc.dylib
0x0000000009e47000 	/usr/lib/system/libunwind.dylib
0x0000000009e47000 	/usr/lib/system/libxpc.dylib
0x0000000009e47000 	/usr/lib/libenergytrace.dylib
0x0000000009e47000 	/usr/lib/libbsm.0.dylib
0x0000000009e47000 	/usr/lib/system/libkxld.dylib
0x0000000009e47000 	/usr/lib/libxar.1.dylib
0x0000000009e47000 	/usr/lib/libsqlite3.dylib
0x0000000009e47000 	/usr/lib/libpam.2.dylib
0x0000000009e47000 	/usr/lib/libOpenScriptingUtil.dylib
0x0000000009e47000 	/usr/lib/libbz2.1.0.dylib
0x0000000009e47000 	/usr/lib/liblzma.5.dylib
0x0000000009e47000 	/System/Library/Frameworks/CoreServices.framework/Versions/A/Frameworks/FSEvents.framework/Versions/A/FSEvents
0x0000000009e47000 	/System/Library/Frameworks/CoreServices.framework/Versions/A/Frameworks/CarbonCore.framework/Versions/A/CarbonCore
0x0000000009e47000 	/System/Library/Frameworks/CoreServices.framework/Versions/A/Frameworks/Metadata.framework/Versions/A/Metadata
0x0000000009e47000 	/System/Library/Frameworks/CoreServices.framework/Versions/A/Frameworks/OSServices.framework/Versions/A/OSServices
0x0000000009e47000 	/System/Library/Frameworks/CoreServices.framework/Versions/A/Frameworks/SearchKit.framework/Versions/A/SearchKit
0x0000000009e47000 	/System/Library/Frameworks/CoreServices.framework/Versions/A/Frameworks/AE.framework/Versions/A/AE
0x0000000009e47000 	/System/Library/Frameworks/CoreServices.framework/Versions/A/Frameworks/LaunchServices.framework/Versions/A/LaunchServices
0x0000000009e47000 	/System/Library/Frameworks/CoreServices.framework/Versions/A/Frameworks/DictionaryServices.framework/Versions/A/DictionaryServices
0x0000000009e47000 	/System/Library/Frameworks/CoreServices.framework/Versions/A/Frameworks/SharedFileList.framework/Versions/A/SharedFileList
0x0000000009e47000 	/System/Library/Frameworks/NetFS.framework/Versions/A/NetFS
0x0000000009e47000 	/System/Library/PrivateFrameworks/NetAuth.framework/Versions/A/NetAuth
0x0000000009e47000 	/System/Library/PrivateFrameworks/login.framework/Versions/A/Frameworks/loginsupport.framework/Versions/A/loginsupport
0x0000000009e47000 	/System/Library/PrivateFrameworks/TCC.framework/Versions/A/TCC
0x0000000009e47000 	/usr/lib/libmecabra.dylib
0x0000000009e47000 	/System/Library/Frameworks/ApplicationServices.framework/Versions/A/Frameworks/ATS.framework/Versions/A/ATS
0x0000000009e47000 	/System/Library/Frameworks/ApplicationServices.framework/Versions/A/Frameworks/ColorSync.framework/Versions/A/ColorSync
0x0000000009e47000 	/System/Library/Frameworks/ApplicationServices.framework/Versions/A/Frameworks/HIServices.framework/Versions/A/HIServices
0x0000000009e47000 	/System/Library/Frameworks/ApplicationServices.framework/Versions/A/Frameworks/LangAnalysis.framework/Versions/A/LangAnalysis
0x0000000009e47000 	/System/Library/Frameworks/ApplicationServices.framework/Versions/A/Frameworks/PrintCore.framework/Versions/A/PrintCore
0x0000000009e47000 	/System/Library/Frameworks/ApplicationServices.framework/Versions/A/Frameworks/QD.framework/Versions/A/QD
0x0000000009e47000 	/System/Library/Frameworks/ApplicationServices.framework/Versions/A/Frameworks/SpeechSynthesis.framework/Versions/A/SpeechSynthesis
0x0000000009e47000 	/System/Library/Frameworks/Metal.framework/Versions/A/Metal
0x0000000009e47000 	/System/Library/Frameworks/Accelerate.framework/Versions/A/Frameworks/vImage.framework/Versions/A/vImage
0x0000000009e47000 	/System/Library/Frameworks/Accelerate.framework/Versions/A/Frameworks/vecLib.framework/Versions/A/vecLib
0x0000000009e47000 	/System/Library/Frameworks/Accelerate.framework/Versions/A/Frameworks/vecLib.framework/Versions/A/libvDSP.dylib
0x0000000009e47000 	/System/Library/Frameworks/Accelerate.framework/Versions/A/Frameworks/vecLib.framework/Versions/A/libvMisc.dylib
0x0000000009e47000 	/System/Library/Frameworks/Accelerate.framework/Versions/A/Frameworks/vecLib.framework/Versions/A/libLAPACK.dylib
0x0000000009e47000 	/System/Library/Frameworks/Accelerate.framework/Versions/A/Frameworks/vecLib.framework/Versions/A/libBLAS.dylib
0x0000000009e47000 	/System/Library/Frameworks/Accelerate.framework/Versions/A/Frameworks/vecLib.framework/Versions/A/libLinearAlgebra.dylib
0x0000000009e47000 	/System/Library/Frameworks/Accelerate.framework/Versions/A/Frameworks/vecLib.framework/Versions/A/libSparseBLAS.dylib
0x0000000009e47000 	/System/Library/PrivateFrameworks/GPUCompiler.framework/libmetal_timestamp.dylib
0x0000000009e47000 	/System/Library/Frameworks/OpenGL.framework/Versions/A/Libraries/libCoreFSCache.dylib
0x0000000009e47000 	/System/Library/PrivateFrameworks/IOAccelerator.framework/Versions/A/IOAccelerator
0x0000000009e47000 	/System/Library/Frameworks/ApplicationServices.framework/Versions/A/Frameworks/ATS.framework/Versions/A/Resources/libFontParser.dylib
0x0000000009e47000 	/System/Library/Frameworks/ApplicationServices.framework/Versions/A/Frameworks/ATS.framework/Versions/A/Resources/libFontRegistry.dylib
0x0000000009e47000 	/System/Library/PrivateFrameworks/AppleVPA.framework/Versions/A/AppleVPA
0x0000000009e47000 	/System/Library/PrivateFrameworks/AppleJPEG.framework/Versions/A/AppleJPEG
0x0000000009e47000 	/System/Library/Frameworks/ImageIO.framework/Versions/A/Resources/libJPEG.dylib
0x0000000009e47000 	/System/Library/Frameworks/ImageIO.framework/Versions/A/Resources/libTIFF.dylib
0x0000000009e47000 	/System/Library/Frameworks/ImageIO.framework/Versions/A/Resources/libPng.dylib
0x0000000009e47000 	/System/Library/Frameworks/ImageIO.framework/Versions/A/Resources/libGIF.dylib
0x0000000009e47000 	/System/Library/Frameworks/ImageIO.framework/Versions/A/Resources/libJP2.dylib
0x0000000009e47000 	/System/Library/Frameworks/ImageIO.framework/Versions/A/Resources/libRadiance.dylib
0x0000000009e47000 	/System/Library/Frameworks/CoreVideo.framework/Versions/A/CoreVideo
0x0000000009e47000 	/System/Library/Frameworks/OpenGL.framework/Versions/A/Libraries/libGLU.dylib
0x0000000009e47000 	/System/Library/Frameworks/OpenGL.framework/Versions/A/Libraries/libGFXShared.dylib
0x0000000009e47000 	/System/Library/Frameworks/OpenGL.framework/Versions/A/Libraries/libGL.dylib
0x0000000009e47000 	/System/Library/Frameworks/OpenGL.framework/Versions/A/Libraries/libGLImage.dylib
0x0000000009e47000 	/System/Library/Frameworks/OpenGL.framework/Versions/A/Libraries/libCVMSPluginSupport.dylib
0x0000000009e47000 	/System/Library/Frameworks/OpenGL.framework/Versions/A/Libraries/libCoreVMClient.dylib
0x0000000009e47000 	/usr/lib/libcompression.dylib
0x0000000009e47000 	/usr/lib/libcups.2.dylib
0x0000000009e47000 	/System/Library/Frameworks/Kerberos.framework/Versions/A/Kerberos
0x0000000009e47000 	/System/Library/Frameworks/GSS.framework/Versions/A/GSS
0x0000000009e47000 	/usr/lib/libresolv.9.dylib
0x0000000009e47000 	/usr/lib/libiconv.2.dylib
0x0000000009e47000 	/System/Library/PrivateFrameworks/Heimdal.framework/Versions/A/Heimdal
0x0000000009e47000 	/usr/lib/libheimdal-asn1.dylib
0x0000000009e47000 	/System/Library/Frameworks/OpenDirectory.framework/Versions/A/OpenDirectory
0x0000000009e47000 	/System/Library/PrivateFrameworks/CommonAuth.framework/Versions/A/CommonAuth
0x0000000009e47000 	/System/Library/Frameworks/OpenDirectory.framework/Versions/A/Frameworks/CFOpenDirectory.framework/Versions/A/CFOpenDirectory
0x0000000009e47000 	/System/Library/Frameworks/SecurityFoundation.framework/Versions/A/SecurityFoundation
0x0000000009e47000 	/System/Library/PrivateFrameworks/LanguageModeling.framework/Versions/A/LanguageModeling
0x0000000009e47000 	/usr/lib/libmarisa.dylib
0x0000000009e47000 	/usr/lib/libChineseTokenizer.dylib
0x0000000009e47000 	/usr/lib/libcmph.dylib
0x0000000009e47000 	/System/Library/Frameworks/ServiceManagement.framework/Versions/A/ServiceManagement
0x0000000009e47000 	/usr/lib/libxslt.1.dylib
0x0000000009e47000 	/System/Library/Frameworks/Carbon.framework/Versions/A/Frameworks/Ink.framework/Versions/A/Ink
0x0000000009e47000 	/usr/lib/libFosl_dynamic.dylib
0x0000000009e47000 	/System/Library/PrivateFrameworks/FaceCore.framework/Versions/A/FaceCore
0x0000000009e47000 	/System/Library/Frameworks/OpenCL.framework/Versions/A/OpenCL
0x0000000009e47000 	/System/Library/PrivateFrameworks/CrashReporterSupport.framework/Versions/A/CrashReporterSupport
0x0000000009e47000 	/System/Library/PrivateFrameworks/IconServices.framework/Versions/A/IconServices
0x0000000009e47000 	/System/Library/PrivateFrameworks/Apple80211.framework/Versions/A/Apple80211
0x0000000009e47000 	/System/Library/Frameworks/CoreWLAN.framework/Versions/A/CoreWLAN
0x0000000009e47000 	/System/Library/Frameworks/IOBluetooth.framework/Versions/A/IOBluetooth
0x0000000009e47000 	/System/Library/PrivateFrameworks/CoreWiFi.framework/Versions/A/CoreWiFi
0x0000000009e47000 	/System/Library/Frameworks/CoreBluetooth.framework/Versions/A/CoreBluetooth
0x0000000009e47000 	/System/Library/PrivateFrameworks/ChunkingLibrary.framework/Versions/A/ChunkingLibrary
0x0000000009e47000 	/System/Library/PrivateFrameworks/DebugSymbols.framework/Versions/A/DebugSymbols
0x0000000009e47000 	/System/Library/PrivateFrameworks/CoreSymbolication.framework/Versions/A/CoreSymbolication
0x0000000009e47000 	/System/Library/PrivateFrameworks/Symbolication.framework/Versions/A/Symbolication
0x0000000009e47000 	/System/Library/PrivateFrameworks/SpeechRecognitionCore.framework/Versions/A/SpeechRecognitionCore
0x000000010ec00000 	/Library/Java/JavaVirtualMachines/jdk1.8.0_121.jdk/Contents/Home/jre/lib/server/libjvm.dylib
0x0000000009e47000 	/usr/lib/libstdc++.6.dylib
0x000000010dac7000 	/Library/Java/JavaVirtualMachines/jdk1.8.0_121.jdk/Contents/Home/jre/lib/libverify.dylib
0x000000010dad5000 	/Library/Java/JavaVirtualMachines/jdk1.8.0_121.jdk/Contents/Home/jre/lib/libjava.dylib
0x000000010db14000 	/Library/Java/JavaVirtualMachines/jdk1.8.0_121.jdk/Contents/Home/jre/lib/libzip.dylib
0x000000012ab85000 	/System/Library/Frameworks/JavaVM.framework/Frameworks/JavaRuntimeSupport.framework/JavaRuntimeSupport
0x000000012aba0000 	/System/Library/Frameworks/JavaVM.framework/Versions/A/Frameworks/JavaNativeFoundation.framework/Versions/A/JavaNativeFoundation
0x000000010dbf1000 	/System/Library/Frameworks/JavaVM.framework/Versions/A/JavaVM
0x0000000009e47000 	/System/Library/Frameworks/Carbon.framework/Versions/A/Carbon
0x000000012abb5000 	/System/Library/PrivateFrameworks/JavaLaunching.framework/Versions/A/JavaLaunching
0x0000000009e47000 	/System/Library/Frameworks/Carbon.framework/Versions/A/Frameworks/CommonPanels.framework/Versions/A/CommonPanels
0x0000000009e47000 	/System/Library/Frameworks/Carbon.framework/Versions/A/Frameworks/Help.framework/Versions/A/Help
0x0000000009e47000 	/System/Library/Frameworks/Carbon.framework/Versions/A/Frameworks/ImageCapture.framework/Versions/A/ImageCapture
0x0000000009e47000 	/System/Library/Frameworks/Carbon.framework/Versions/A/Frameworks/OpenScripting.framework/Versions/A/OpenScripting
0x0000000009e47000 	/System/Library/Frameworks/Carbon.framework/Versions/A/Frameworks/Print.framework/Versions/A/Print
0x0000000009e47000 	/System/Library/Frameworks/Carbon.framework/Versions/A/Frameworks/SecurityHI.framework/Versions/A/SecurityHI
0x000000012c711000 	/Applications/IntelliJ IDEA 15.app/Contents/bin/libbreakgen64.jnilib
0x000000012c714000 	/Library/Java/JavaVirtualMachines/jdk1.8.0_121.jdk/Contents/Home/jre/lib/libnet.dylib
0x000000012c7af000 	/Users/christian.gao/.javacpp/cache/opencv-3.4.0-1.4-macosx-x86_64.jar/org/bytedeco/javacpp/macosx-x86_64/libopencv_core.3.4.dylib
0x000000012cb3a000 	/Library/Java/JavaVirtualMachines/jdk1.8.0_121.jdk/Contents/Home/jre/lib/libnio.dylib
0x000000012cb4a000 	/Users/christian.gao/.javacpp/cache/opencv-3.4.0-1.4-macosx-x86_64.jar/org/bytedeco/javacpp/macosx-x86_64/libopencv_imgproc.3.4.dylib
0x000000012d03f000 	/Users/christian.gao/.javacpp/cache/opencv-3.4.0-1.4-macosx-x86_64.jar/org/bytedeco/javacpp/macosx-x86_64/libjniopencv_core.dylib
0x000000012d744000 	/Users/christian.gao/.javacpp/cache/opencv-3.4.0-1.4-macosx-x86_64.jar/org/bytedeco/javacpp/macosx-x86_64/libjniopencv_imgproc.dylib
0x000000012d8bb000 	/Users/christian.gao/.javacpp/cache/opencv-3.4.0-1.4-macosx-x86_64.jar/org/bytedeco/javacpp/macosx-x86_64/libopencv_imgcodecs.3.4.dylib
0x000000012db9c000 	/Users/christian.gao/.javacpp/cache/opencv-3.4.0-1.4-macosx-x86_64.jar/org/bytedeco/javacpp/macosx-x86_64/libjniopencv_imgcodecs.dylib
0x000000012dd45000 	/Library/Java/JavaVirtualMachines/jdk1.8.0_121.jdk/Contents/Home/jre/lib/libawt.dylib
0x000000012dded000 	/Library/Java/JavaVirtualMachines/jdk1.8.0_121.jdk/Contents/Home/jre/lib/./libmlib_image.dylib
0x000000012deb9000 	/Library/Java/JavaVirtualMachines/jdk1.8.0_121.jdk/Contents/Home/jre/lib/libawt_lwawt.dylib
0x000000012d52e000 	/Library/Java/JavaVirtualMachines/jdk1.8.0_121.jdk/Contents/Home/jre/lib/./libosxapp.dylib
0x0000000009e47000 	/System/Library/Frameworks/ExceptionHandling.framework/Versions/A/ExceptionHandling
0x0000000009e47000 	/System/Library/PrivateFrameworks/CoreServicesInternal.framework/Versions/A/CoreServicesInternal
0x0000000009e47000 	/System/Library/Frameworks/CoreGraphics.framework/Versions/A/Resources/libRIP.A.dylib
0x0000000009e47000 	/System/Library/Frameworks/Accelerate.framework/Versions/A/Frameworks/vImage.framework/Versions/A/Libraries/libCGInterfaces.dylib
0x0000000009e47000 	/System/Library/Frameworks/CoreGraphics.framework/Versions/A/Resources/libCGXType.A.dylib
0x0000000009e47000 	/System/Library/Frameworks/OpenCL.framework/Versions/A/Libraries/libcldcpuengine.dylib
0x0000000009e47000 	/System/Library/PrivateFrameworks/DiskImages.framework/Versions/A/DiskImages
0x0000000009e47000 	/System/Library/Frameworks/DiscRecording.framework/Versions/A/DiscRecording
0x0000000009e47000 	/usr/lib/libcsfde.dylib
0x0000000009e47000 	/usr/lib/libcurl.4.dylib
0x0000000009e47000 	/System/Library/PrivateFrameworks/MediaKit.framework/Versions/A/MediaKit
0x0000000009e47000 	/System/Library/PrivateFrameworks/ProtectedCloudStorage.framework/Versions/A/ProtectedCloudStorage
0x0000000009e47000 	/usr/lib/libCoreStorage.dylib
0x0000000009e47000 	/System/Library/PrivateFrameworks/EFILogin.framework/Versions/A/EFILogin
0x0000000009e47000 	/usr/lib/libutil.dylib
0x0000000009e47000 	/System/Library/PrivateFrameworks/FindMyDevice.framework/Versions/A/FindMyDevice
0x0000000009e47000 	/System/Library/Frameworks/LDAP.framework/Versions/A/LDAP
0x0000000009e47000 	/usr/lib/libsasl2.2.dylib
0x0000000009e47000 	/System/Library/PrivateFrameworks/CoreDaemon.framework/Versions/B/CoreDaemon
0x0000000009e47000 	/usr/lib/libcrypto.0.9.8.dylib
0x0000000009e47000 	/System/Library/PrivateFrameworks/AppleSRP.framework/Versions/A/AppleSRP
0x0000000009e47000 	/System/Library/PrivateFrameworks/TrustEvaluationAgent.framework/Versions/A/TrustEvaluationAgent
0x000000012d589000 	cl_kernels
0x0000000009e47000 	/System/Library/Frameworks/OpenCL.framework/Versions/A/Libraries/ImageFormats/unorm8_bgra.dylib
0x0000000009e47000 	/System/Library/Frameworks/OpenCL.framework/Versions/A/Libraries/ImageFormats/unorm8_rgba.dylib
0x0000000009e47000 	/System/Library/PrivateFrameworks/FamilyControls.framework/Versions/A/FamilyControls
0x0000000009e47000 	/System/Library/PrivateFrameworks/CommerceKit.framework/Versions/A/Frameworks/CommerceCore.framework/Versions/A/CommerceCore
0x0000000009e47000 	/System/Library/PrivateFrameworks/SystemAdministration.framework/Versions/A/SystemAdministration
0x0000000009e47000 	/System/Library/PrivateFrameworks/AppContainer.framework/Versions/A/AppContainer
0x0000000009e47000 	/System/Library/PrivateFrameworks/SecCodeWrapper.framework/Versions/A/SecCodeWrapper
0x0000000009e47000 	/System/Library/Frameworks/DirectoryService.framework/Versions/A/DirectoryService
0x0000000009e47000 	/System/Library/PrivateFrameworks/LoginUIKit.framework/Versions/A/Frameworks/LoginUICore.framework/Versions/A/LoginUICore
0x0000000009e47000 	/usr/lib/libodfde.dylib
0x0000000009e47000 	/System/Library/Frameworks/OpenGL.framework/Versions/A/Resources/GLEngine.bundle/GLEngine
0x0000000009e47000 	/System/Library/Frameworks/OpenGL.framework/Versions/A/Libraries/libGLProgrammability.dylib
0x0000000130bcb000 	/System/Library/Extensions/AppleIntelHD5000GraphicsGLDriver.bundle/Contents/MacOS/AppleIntelHD5000GraphicsGLDriver
0x0000000009e47000 	/System/Library/PrivateFrameworks/GPUSupport.framework/Versions/A/Libraries/libGPUSupportMercury.dylib
0x0000000009e47000 	/System/Library/Extensions/GeForceGLDriver.bundle/Contents/MacOS/GeForceGLDriver
0x0000000009e47000 	/System/Library/Extensions/GeForceGLDriver.bundle/Contents/MacOS/libclh.dylib
0x0000000009e47000 	/System/Library/Frameworks/OpenGL.framework/Versions/A/Resources/GLRendererFloat.bundle/GLRendererFloat
0x0000000131bdc000 	/Library/Java/JavaVirtualMachines/jdk1.8.0_121.jdk/Contents/Home/jre/lib/libfontmanager.dylib
0x000000012f109000 	/Library/Java/JavaVirtualMachines/jdk1.8.0_121.jdk/Contents/Home/jre/lib/libosxui.dylib
0x0000000135164000 	/System/Library/Extensions/GeForceMTLDriver.bundle/Contents/MacOS/GeForceMTLDriver
0x0000000135428000 	/System/Library/Extensions/AppleIntelHD5000GraphicsMTLDriver.bundle/Contents/MacOS/AppleIntelHD5000GraphicsMTLDriver

VM Arguments:
jvm_args: -Didea.launcher.port=7532 -Didea.launcher.bin.path=/Applications/IntelliJ IDEA 15.app/Contents/bin -Dfile.encoding=UTF-8 
java_command: com.intellij.rt.execution.application.AppMain com.kareo.ocr.scanner.OcrRunner
java_class_path (initial): /Library/Java/JavaVirtualMachines/jdk1.8.0_121.jdk/Contents/Home/jre/lib/charsets.jar:/Library/Java/JavaVirtualMachines/jdk1.8.0_121.jdk/Contents/Home/jre/lib/deploy.jar:/Library/Java/JavaVirtualMachines/jdk1.8.0_121.jdk/Contents/Home/jre/lib/ext/cldrdata.jar:/Library/Java/JavaVirtualMachines/jdk1.8.0_121.jdk/Contents/Home/jre/lib/ext/dnsns.jar:/Library/Java/JavaVirtualMachines/jdk1.8.0_121.jdk/Contents/Home/jre/lib/ext/jaccess.jar:/Library/Java/JavaVirtualMachines/jdk1.8.0_121.jdk/Contents/Home/jre/lib/ext/jfxrt.jar:/Library/Java/JavaVirtualMachines/jdk1.8.0_121.jdk/Contents/Home/jre/lib/ext/localedata.jar:/Library/Java/JavaVirtualMachines/jdk1.8.0_121.jdk/Contents/Home/jre/lib/ext/nashorn.jar:/Library/Java/JavaVirtualMachines/jdk1.8.0_121.jdk/Contents/Home/jre/lib/ext/sunec.jar:/Library/Java/JavaVirtualMachines/jdk1.8.0_121.jdk/Contents/Home/jre/lib/ext/sunjce_provider.jar:/Library/Java/JavaVirtualMachines/jdk1.8.0_121.jdk/Contents/Home/jre/lib/ext/sunpkcs11.jar:/Library/Java/JavaVirtualMachines/jdk1.8.0_121.jdk/Contents/Home/jre/lib/ext/zipfs.jar:/Library/Java/JavaVirtualMachines/jdk1.8.0_121.jdk/Contents/Home/jre/lib/javaws.jar:/Library/Java/JavaVirtualMachines/jdk1.8.0_121.jdk/Contents/Home/jre/lib/jce.jar:/Library/Java/JavaVirtualMachines/jdk1.8.0_121.jdk/Contents/Home/jre/lib/jfr.jar:/Library/Java/JavaVirtualMachines/jdk1.8.0_121.jdk/Contents/Home/jre/lib/jfxswt.jar:/Library/Java/JavaVirtualMachines/jdk1.8.0_121.jdk/Contents/Home/jre/lib/jsse.jar:/Library/Java/JavaVirtualMachines/jdk1.8.0_121.jdk/Contents/Home/jre/lib/management-agent.jar:/Library/Java/JavaVirtualMachines/jdk1.8.0_121.jdk/Contents/Home/jre/lib/plugin.jar:/Library/Java/JavaVirtualMachines/jdk1.8.0_121.jdk/Contents/Home/jre/lib/resources.jar:/Library/Java/JavaVirtualMachines/jdk1.8.0_121.jdk/Contents/Home/jre/lib/rt.jar:/Library/Java/JavaVirtualMachines/jdk1.8.0_121.jdk/Contents/Home/lib/ant-javafx.jar:/Library/Java/JavaVirtualMachines/jdk1.8.0_121.jdk/Contents/Home
Launcher Type: SUN_STANDARD

Environment Variables:
PATH=/usr/bin:/bin:/usr/sbin:/sbin
SHELL=/bin/bash
DISPLAY=/private/tmp/com.apple.launchd.X2RmTkeLEZ/org.macosforge.xquartz:0

Signal Handlers:
SIGSEGV: [libjvm.dylib+0x5b1141], sa_mask[0]=11111111011111110111111111111111, sa_flags=SA_ONSTACK|SA_RESTART|SA_SIGINFO
SIGBUS: [libjvm.dylib+0x5b1141], sa_mask[0]=11111111011111110111111111111111, sa_flags=SA_RESTART|SA_SIGINFO
SIGFPE: [libjvm.dylib+0x487bc4], sa_mask[0]=11111111011111110111111111111111, sa_flags=SA_RESTART|SA_SIGINFO
SIGPIPE: [libjvm.dylib+0x487bc4], sa_mask[0]=11111111011111110111111111111111, sa_flags=SA_RESTART|SA_SIGINFO
SIGXFSZ: [libjvm.dylib+0x487bc4], sa_mask[0]=11111111011111110111111111111111, sa_flags=SA_RESTART|SA_SIGINFO
SIGILL: [libjvm.dylib+0x487bc4], sa_mask[0]=11111111011111110111111111111111, sa_flags=SA_RESTART|SA_SIGINFO
SIGUSR1: SIG_DFL, sa_mask[0]=00000000000000000000000000000000, sa_flags=none
SIGUSR2: [libjvm.dylib+0x4876e2], sa_mask[0]=00100000000000000000000000000000, sa_flags=SA_RESTART|SA_SIGINFO
SIGHUP: [libjvm.dylib+0x485cb9], sa_mask[0]=11111111011111110111111111111111, sa_flags=SA_RESTART|SA_SIGINFO
SIGINT: [libjvm.dylib+0x485cb9], sa_mask[0]=11111111011111110111111111111111, sa_flags=SA_RESTART|SA_SIGINFO
SIGTERM: [libjvm.dylib+0x485cb9], sa_mask[0]=11111111011111110111111111111111, sa_flags=SA_RESTART|SA_SIGINFO
SIGQUIT: [libjvm.dylib+0x485cb9], sa_mask[0]=11111111011111110111111111111111, sa_flags=SA_RESTART|SA_SIGINFO


---------------  S Y S T E M  ---------------

OS:Bsduname:Darwin 15.6.0 Darwin Kernel Version 15.6.0: Sun Jun  4 21:43:07 PDT 2017; root:xnu-3248.70.3~1/RELEASE_X86_64 x86_64
rlimit: STACK 8192k, CORE 0k, NPROC 709, NOFILE 10240, AS infinity
load average:2.97 3.16 3.12

CPU:total 8 (4 cores per cpu, 2 threads per core) family 6 model 70 stepping 1, cmov, cx8, fxsr, mmx, sse, sse2, sse3, ssse3, sse4.1, sse4.2, popcnt, avx, avx2, aes, clmul, erms, rtm, lzcnt, ht, tsc, tscinvbit, bmi1, bmi2

Memory: 4k page, physical 16777216k(621600k free)

/proc/meminfo:


vm_info: Java HotSpot(TM) 64-Bit Server VM (25.121-b13) for bsd-amd64 JRE (1.8.0_121-b13), built on Dec 12 2016 20:39:32 by "java_re" with gcc 4.2.1 (Based on Apple Inc. build 5658) (LLVM build 2336.11.00)

time: Mon Jan 29 13:07:10 2018
elapsed time: 1 seconds (0d 0h 0m 1s)

